#
# A fatal error has been detected by the Java Runtime Environment:
#
#  SIGSEGV (0xb) at pc=0x0000000105185520, pid=54586, tid=0x0000000000000f03
#
# JRE version: Java(TM) SE Runtime Environment (8.0_201-b09) (build 1.8.0_201-b09)
# Java VM: Java HotSpot(TM) 64-Bit Server VM (25.201-b09 mixed mode bsd-amd64 compressed oops)
# Problematic frame:
# V  [libjvm.dylib+0x585520]  Unsafe_GetIntVolatile+0x3e
#
# Failed to write core dump. Core dumps have been disabled. To enable core dumping, try "ulimit -c unlimited" before starting Java again
#
# If you would like to submit a bug report, please visit:
#   http://bugreport.java.com/bugreport/crash.jsp
#

---------------  T H R E A D  ---------------

Current thread (0x00007ffe2d80e000):  JavaThread "main" [_thread_in_vm, id=3843, stack(0x00007000049b2000,0x0000700004ab2000)]

siginfo: si_signo: 11 (SIGSEGV), si_code: 1 (SEGV_MAPERR), si_addr: 0x0000000000000001

Registers:
RAX=0x00000001054fcd70, RBX=0x0000000000000001, RCX=0x000000010542c5e0, RDX=0x0000000000000000
RSP=0x0000700004ab1840, RBP=0x0000700004ab1870, RSI=0x0000000000000006, RDI=0x0000700004ab1850
R8 =0x00007ffe2d80e000, R9 =0x00007ffe2d80e000, R10=0x000000011330463b, R11=0x00000001050e9913
R12=0x0000000000000000, R13=0x000000010aaa5d70, R14=0x0000000000000000, R15=0x00007ffe2d80e000
RIP=0x0000000105185520, EFLAGS=0x0000000000010246, ERR=0x0000000000000004
  TRAPNO=0x000000000000000e

Top of Stack: (sp=0x0000700004ab1840)
0x0000700004ab1840:   0000700004ab1880 00007ffe2d80e000
0x0000700004ab1850:   00007ffe2d80e000 000000010aaa5d70
0x0000700004ab1860:   0000700004ab1920 00007ffe2d80e000
0x0000700004ab1870:   0000700004ab18e8 0000000113304667
0x0000700004ab1880:   0000700004ab18a0 0000000105056dd6
0x0000700004ab1890:   00007ffe2d80e000 00007ffe2d80e000
0x0000700004ab18a0:   0000700004ab18e0 0000700004ab18a8
0x0000700004ab18b0:   0000000000000000 0000700004ab1920
0x0000700004ab18c0:   000000010aad25d8 0000000000000000
0x0000700004ab18d0:   000000010aaa5d70 0000000000000000
0x0000700004ab18e0:   0000700004ab1908 0000700004ab1968
0x0000700004ab18f0:   00000001132f3d00 0000000000000000
0x0000700004ab1900:   00000001132fdd16 0000000000000001
0x0000700004ab1910:   0000700004ab1968 0000000000000000
0x0000700004ab1920:   00000007955889a8 0000700004ab1928
0x0000700004ab1930:   000000010aaa6be3 0000700004ab19a0
0x0000700004ab1940:   000000010aad25d8 0000000000000000
0x0000700004ab1950:   000000010aaa6c00 0000700004ab1908
0x0000700004ab1960:   0000700004ab1980 0000700004ab19e8
0x0000700004ab1970:   00000001132f3d00 0000000000000000
0x0000700004ab1980:   0000000000000001 0000000000000001
0x0000700004ab1990:   0000700004ab19a8 0000000000000000
0x0000700004ab19a0:   00000007955889a8 0000700004ab19a8
0x0000700004ab19b0:   000000010ae27b00 0000700004ab1a08
0x0000700004ab19c0:   000000010ae27b98 0000000000000000
0x0000700004ab19d0:   000000010ae27b40 0000700004ab1980
0x0000700004ab19e0:   0000700004ab1a08 0000700004ab1a70
0x0000700004ab19f0:   00000001132ec7a7 0000000000000000
0x0000700004ab1a00:   00000007955889a8 00000007957b5670
0x0000700004ab1a10:   0000000100001fa0 000000000000000a
0x0000700004ab1a20:   00007ffe2d80e000 0000000000000001
0x0000700004ab1a30:   00000001132ec71f 000000010ae27b40 

Instructions: (pc=0x0000000105185520)
0x0000000105185500:   e0 48 8d 7d e0 be 06 00 00 00 e8 49 55 be ff 4c
0x0000000105185510:   89 7d d8 4d 85 f6 75 05 45 31 f6 eb 03 4d 8b 36
0x0000000105185520:   41 8b 04 1e 89 45 d4 8b 5d d4 48 8d 7d d8 e8 69
0x0000000105185530:   c9 be ff 48 8d 7d e0 be 06 00 00 00 ba 04 00 00 

Register to memory mapping:

RAX=0x00000001054fcd70: _ZN20SafepointSynchronize6_stateE+0 in /Users/dongguabai/develope/java8/JavaVirtualMachines/jdk1.8.0_201.jdk/Contents/Home/jre/lib/server/libjvm.dylib at 0x0000000104c00000
RBX=0x0000000000000001 is an unknown value
RCX=0x000000010542c5e0: UseMembar+0 in /Users/dongguabai/develope/java8/JavaVirtualMachines/jdk1.8.0_201.jdk/Contents/Home/jre/lib/server/libjvm.dylib at 0x0000000104c00000
RDX=0x0000000000000000 is an unknown value
RSP=0x0000700004ab1840 is pointing into the stack for thread: 0x00007ffe2d80e000
RBP=0x0000700004ab1870 is pointing into the stack for thread: 0x00007ffe2d80e000
RSI=0x0000000000000006 is an unknown value
RDI=0x0000700004ab1850 is pointing into the stack for thread: 0x00007ffe2d80e000
R8 =0x00007ffe2d80e000 is a thread
R9 =0x00007ffe2d80e000 is a thread
R10=0x000000011330463b is at code_begin+859 in an Interpreter codelet
method entry point (kind = native)  [0x00000001133042e0, 0x0000000113304c40]  2400 bytes
R11=0x00000001050e9913: throw_unsatisfied_link_error+0 in /Users/dongguabai/develope/java8/JavaVirtualMachines/jdk1.8.0_201.jdk/Contents/Home/jre/lib/server/libjvm.dylib at 0x0000000104c00000
R12=0x0000000000000000 is an unknown value
R13={method} {0x000000010aaa5d70} 'getIntVolatile' '(Ljava/lang/Object;J)I' in 'sun/misc/Unsafe'
R14=0x0000000000000000 is an unknown value
R15=0x00007ffe2d80e000 is a thread


Stack: [0x00007000049b2000,0x0000700004ab2000],  sp=0x0000700004ab1840,  free space=1022k
Native frames: (J=compiled Java code, j=interpreted, Vv=VM code, C=native code)
V  [libjvm.dylib+0x585520]  Unsafe_GetIntVolatile+0x3e
j  sun.misc.Unsafe.getIntVolatile(Ljava/lang/Object;J)I+0
j  sun.misc.Unsafe.getAndSetInt(Ljava/lang/Object;JI)I+3
j  dongguabai.unsafe.Main.main([Ljava/lang/String;)V+8
v  ~StubRoutines::call_stub
V  [libjvm.dylib+0x2f0bea]  JavaCalls::call_helper(JavaValue*, methodHandle*, JavaCallArguments*, Thread*)+0x6ae
V  [libjvm.dylib+0x327b91]  jni_invoke_static(JNIEnv_*, JavaValue*, _jobject*, JNICallType, _jmethodID*, JNI_ArgumentPusher*, Thread*)+0x1bf
V  [libjvm.dylib+0x32091d]  jni_CallStaticVoidMethod+0x15d
C  [java+0x38c6]  JavaMain+0x9c4
C  [libsystem_pthread.dylib+0x6109]  _pthread_start+0x94
C  [libsystem_pthread.dylib+0x1b8b]  thread_start+0xf
C  0x0000000000000000

Java frames: (J=compiled Java code, j=interpreted, Vv=VM code)
j  sun.misc.Unsafe.getIntVolatile(Ljava/lang/Object;J)I+0
j  sun.misc.Unsafe.getAndSetInt(Ljava/lang/Object;JI)I+3
j  dongguabai.unsafe.Main.main([Ljava/lang/String;)V+8
v  ~StubRoutines::call_stub

---------------  P R O C E S S  ---------------

Java Threads: ( => current thread )
  0x00007ffe2c976800 JavaThread "Service Thread" daemon [_thread_blocked, id=16643, stack(0x0000700005cee000,0x0000700005dee000)]
  0x00007ffe2c947800 JavaThread "C1 CompilerThread3" daemon [_thread_blocked, id=17155, stack(0x0000700005beb000,0x0000700005ceb000)]
  0x00007ffe2c94d800 JavaThread "C2 CompilerThread2" daemon [_thread_blocked, id=16131, stack(0x0000700005ae8000,0x0000700005be8000)]
  0x00007ffe2c94d000 JavaThread "C2 CompilerThread1" daemon [_thread_blocked, id=17667, stack(0x00007000059e5000,0x0000700005ae5000)]
  0x00007ffe2c94c000 JavaThread "C2 CompilerThread0" daemon [_thread_blocked, id=18179, stack(0x00007000058e2000,0x00007000059e2000)]
  0x00007ffe2c945800 JavaThread "Monitor Ctrl-Break" daemon [_thread_in_Java, id=15363, stack(0x00007000057df000,0x00007000058df000)]
  0x00007ffe2f839800 JavaThread "Signal Dispatcher" daemon [_thread_blocked, id=15107, stack(0x00007000056dc000,0x00007000057dc000)]
  0x00007ffe2c829000 JavaThread "Finalizer" daemon [_thread_blocked, id=12291, stack(0x00007000054d3000,0x00007000055d3000)]
  0x00007ffe2d839800 JavaThread "Reference Handler" daemon [_thread_blocked, id=19971, stack(0x00007000053d0000,0x00007000054d0000)]
=>0x00007ffe2d80e000 JavaThread "main" [_thread_in_vm, id=3843, stack(0x00007000049b2000,0x0000700004ab2000)]

Other Threads:
  0x00007ffe2f81d000 VMThread [stack: 0x00007000052cd000,0x00007000053cd000] [id=11779]
  0x00007ffe2d08b800 WatcherThread [stack: 0x0000700005df1000,0x0000700005ef1000] [id=21763]

VM state:not at safepoint (normal execution)

VM Mutex/Monitor currently owned by a thread: None

heap address: 0x0000000740000000, size: 2048 MB, Compressed Oops mode: Zero based, Oop shift amount: 3
Narrow klass base: 0x0000000000000000, Narrow klass shift: 3
Compressed class space size: 1073741824 Address: 0x00000007c0000000

Heap:
 PSYoungGen      total 38400K, used 4000K [0x0000000795580000, 0x0000000798000000, 0x00000007c0000000)
  eden space 33280K, 12% used [0x0000000795580000,0x0000000795968390,0x0000000797600000)
  from space 5120K, 0% used [0x0000000797b00000,0x0000000797b00000,0x0000000798000000)
  to   space 5120K, 0% used [0x0000000797600000,0x0000000797600000,0x0000000797b00000)
 ParOldGen       total 87552K, used 0K [0x0000000740000000, 0x0000000745580000, 0x0000000795580000)
  object space 87552K, 0% used [0x0000000740000000,0x0000000740000000,0x0000000745580000)
 Metaspace       used 3200K, capacity 4500K, committed 4864K, reserved 1056768K
  class space    used 353K, capacity 388K, committed 512K, reserved 1048576K

Card table byte_map: [0x0000000105f79000,0x000000010637a000] byte_map_base: 0x0000000102579000

Marking Bits: (ParMarkBitMap*) 0x00000001054fbe40
 Begin Bits: [0x0000000106625000, 0x0000000108625000)
 End Bits:   [0x0000000108625000, 0x000000010a625000)

Polling page: 0x0000000103b15000

CodeCache: size=245760Kb used=1160Kb max_used=1160Kb free=244599Kb
 bounds [0x00000001132ec000, 0x000000011355c000, 0x00000001222ec000]
 total_blobs=286 nmethods=35 adapters=165
 compilation: enabled

Compilation events (10 events):
Event: 0.138 Thread 0x00007ffe2c94c000 nmethod 5 0x00000001133fa150 code [0x00000001133fa2a0, 0x00000001133fa478]
Event: 0.138 Thread 0x00007ffe2c947800 nmethod 16 0x00000001133f9d50 code [0x00000001133f9ec0, 0x00000001133fa0c8]
Event: 0.138 Thread 0x00007ffe2c947800   19       3       java.lang.AbstractStringBuilder::append (50 bytes)
Event: 0.138 Thread 0x00007ffe2c947800 nmethod 19 0x00000001133fe4d0 code [0x00000001133fe6a0, 0x00000001133fedf8]
Event: 0.138 Thread 0x00007ffe2c947800   22       3       java.io.UnixFileSystem::normalize (75 bytes)
Event: 0.139 Thread 0x00007ffe2c947800 nmethod 22 0x00000001133fb5d0 code [0x00000001133fb7a0, 0x00000001133fbe08]
Event: 0.139 Thread 0x00007ffe2c947800   20       3       java.lang.String::getChars (62 bytes)
Event: 0.139 Thread 0x00007ffe2c947800 nmethod 20 0x00000001133fadd0 code [0x00000001133faf80, 0x00000001133fb3b8]
Event: 0.139 Thread 0x00007ffe2c947800   24  s!   3       sun.misc.URLClassPath::getLoader (243 bytes)
Event: 0.139 Thread 0x00007ffe2c94d800 nmethod 3% 0x00000001133fdf90 code [0x00000001133fe0e0, 0x00000001133fe358]

GC Heap History (0 events):
No events

Deoptimization events (0 events):
No events

Classes redefined (0 events):
No events

Internal exceptions (2 events):
Event: 0.034 Thread 0x00007ffe2d80e000 Exception <a 'java/lang/NoSuchMethodError': Method sun.misc.Unsafe.defineClass(Ljava/lang/String;[BII)Ljava/lang/Class; name or signature does not match> (0x0000000795587cb0) thrown at [/Users/java_re/workspace/8-2-build-macosx-x86_64/jdk8u201/12322/hotsp
Event: 0.034 Thread 0x00007ffe2d80e000 Exception <a 'java/lang/NoSuchMethodError': Method sun.misc.Unsafe.prefetchRead(Ljava/lang/Object;J)V name or signature does not match> (0x0000000795587f98) thrown at [/Users/java_re/workspace/8-2-build-macosx-x86_64/jdk8u201/12322/hotspot/src/share/vm/pr

Events (10 events):
Event: 0.140 loading class java/net/Inet6Address$Inet6AddressHolder
Event: 0.140 loading class sun/reflect/UnsafeQualifiedStaticFieldAccessorImpl done
Event: 0.140 loading class sun/reflect/UnsafeQualifiedStaticObjectFieldAccessorImpl done
Event: 0.140 loading class java/net/Inet6Address$Inet6AddressHolder done
Event: 0.140 loading class java/util/HashMap$EntrySet
Event: 0.140 loading class java/util/HashMap$EntrySet done
Event: 0.140 loading class java/util/HashMap$EntryIterator
Event: 0.140 loading class java/util/HashMap$HashIterator
Event: 0.140 loading class java/util/HashMap$HashIterator done
Event: 0.140 loading class java/util/HashMap$EntryIterator done


Dynamic libraries:
0x00007fff38dc3000 	/System/Library/Frameworks/Cocoa.framework/Versions/A/Cocoa
0x00007fff465ab000 	/System/Library/Frameworks/Security.framework/Versions/A/Security
0x00007fff37d2a000 	/System/Library/Frameworks/ApplicationServices.framework/Versions/A/ApplicationServices
0x00007fff7306a000 	/usr/lib/libz.1.dylib
0x00007fff70b2e000 	/usr/lib/libSystem.B.dylib
0x00007fff7298e000 	/usr/lib/libobjc.A.dylib
0x00007fff39c63000 	/System/Library/Frameworks/CoreFoundation.framework/Versions/A/CoreFoundation
0x00007fff3c31d000 	/System/Library/Frameworks/Foundation.framework/Versions/C/Foundation
0x00007fff36f1a000 	/System/Library/Frameworks/AppKit.framework/Versions/C/AppKit
0x00007fff39747000 	/System/Library/Frameworks/CoreData.framework/Versions/A/CoreData
0x00007fff6ab49000 	/System/Library/PrivateFrameworks/UIFoundation.framework/Versions/A/UIFoundation
0x00007fff65bed000 	/System/Library/PrivateFrameworks/RemoteViewServices.framework/Versions/A/RemoteViewServices
0x00007fff6d69e000 	/System/Library/PrivateFrameworks/XCTTargetBootstrap.framework/Versions/A/XCTTargetBootstrap
0x00007fff39b32000 	/System/Library/Frameworks/CoreDisplay.framework/Versions/A/CoreDisplay
0x00007fff3f1d8000 	/System/Library/Frameworks/Metal.framework/Versions/A/Metal
0x00007fff53c0f000 	/System/Library/PrivateFrameworks/DesktopServicesPriv.framework/Versions/A/DesktopServicesPriv
0x00007fff71c69000 	/usr/lib/liblangid.dylib
0x00007fff52ea7000 	/System/Library/PrivateFrameworks/CoreSVG.framework/Versions/A/CoreSVG
0x00007fff68d46000 	/System/Library/PrivateFrameworks/SkyLight.framework/Versions/A/SkyLight
0x00007fff3a0e4000 	/System/Library/Frameworks/CoreGraphics.framework/Versions/A/CoreGraphics
0x00007fff358ee000 	/System/Library/Frameworks/Accelerate.framework/Versions/A/Accelerate
0x00007fff72f5b000 	/usr/lib/libxml2.2.dylib
0x00007fff5eb86000 	/System/Library/PrivateFrameworks/IconServices.framework/Versions/A/IconServices
0x00007fff3cafc000 	/System/Library/Frameworks/IOSurface.framework/Versions/A/IOSurface
0x00007fff70658000 	/usr/lib/libDiagnosticMessagesClient.dylib
0x00007fff53a69000 	/System/Library/PrivateFrameworks/DFRFoundation.framework/Versions/A/DFRFoundation
0x00007fff719f8000 	/usr/lib/libicucore.A.dylib
0x00007fff3805c000 	/System/Library/Frameworks/AudioToolbox.framework/Versions/A/AudioToolbox
0x00007fff3813f000 	/System/Library/Frameworks/AudioUnit.framework/Versions/A/AudioUnit
0x00007fff70d30000 	/usr/lib/libauto.dylib
0x00007fff53b0b000 	/System/Library/PrivateFrameworks/DataDetectorsCore.framework/Versions/A/DataDetectorsCore
0x00007fff388e4000 	/System/Library/Frameworks/Carbon.framework/Versions/A/Frameworks/HIToolbox.framework/Versions/A/HIToolbox
0x00007fff457a8000 	/System/Library/Frameworks/QuartzCore.framework/Versions/A/QuartzCore
0x00007fff38c23000 	/System/Library/Frameworks/Carbon.framework/Versions/A/Frameworks/SpeechRecognition.framework/Versions/A/SpeechRecognition
0x00007fff53580000 	/System/Library/PrivateFrameworks/CoreUI.framework/Versions/A/CoreUI
0x00007fff391b2000 	/System/Library/Frameworks/CoreAudio.framework/Versions/A/CoreAudio
0x00007fff3bfde000 	/System/Library/Frameworks/DiskArbitration.framework/Versions/A/DiskArbitration
0x00007fff60bd4000 	/System/Library/PrivateFrameworks/MultitouchSupport.framework/Versions/A/MultitouchSupport
0x00007fff718bf000 	/usr/lib/libenergytrace.dylib
0x00007fff3ca56000 	/System/Library/Frameworks/IOKit.framework/Versions/A/IOKit
0x00007fff3b04a000 	/System/Library/Frameworks/CoreServices.framework/Versions/A/CoreServices
0x00007fff62d83000 	/System/Library/PrivateFrameworks/PerformanceAnalysis.framework/Versions/A/PerformanceAnalysis
0x00007fff447db000 	/System/Library/Frameworks/OpenGL.framework/Versions/A/OpenGL
0x00007fff38dd1000 	/System/Library/Frameworks/ColorSync.framework/Versions/A/ColorSync
0x00007fff3a766000 	/System/Library/Frameworks/CoreImage.framework/Versions/A/CoreImage
0x00007fff3babd000 	/System/Library/Frameworks/CoreText.framework/Versions/A/CoreText
0x00007fff3cb8c000 	/System/Library/Frameworks/ImageIO.framework/Versions/A/ImageIO
0x00007fff70e14000 	/usr/lib/libc++.1.dylib
0x00007fff70e90000 	/usr/lib/libcompression.dylib
0x00007fff7099c000 	/usr/lib/libMobileGestalt.dylib
0x00007fff6a8be000 	/System/Library/PrivateFrameworks/TextureIO.framework/Versions/A/TextureIO
0x00007fff70c93000 	/usr/lib/libate.dylib
0x00007fff5ed8f000 	/System/Library/PrivateFrameworks/InternationalSupport.framework/Versions/A/InternationalSupport
0x00007fff7392a000 	/usr/lib/system/libcache.dylib
0x00007fff73930000 	/usr/lib/system/libcommonCrypto.dylib
0x00007fff7393c000 	/usr/lib/system/libcompiler_rt.dylib
0x00007fff73944000 	/usr/lib/system/libcopyfile.dylib
0x00007fff7394e000 	/usr/lib/system/libcorecrypto.dylib
0x00007fff73aed000 	/usr/lib/system/libdispatch.dylib
0x00007fff73b2e000 	/usr/lib/system/libdyld.dylib
0x00007fff73b65000 	/usr/lib/system/libkeymgr.dylib
0x00007fff73b73000 	/usr/lib/system/liblaunch.dylib
0x00007fff73b74000 	/usr/lib/system/libmacho.dylib
0x00007fff73b7a000 	/usr/lib/system/libquarantine.dylib
0x00007fff73b7d000 	/usr/lib/system/libremovefile.dylib
0x00007fff73b7f000 	/usr/lib/system/libsystem_asl.dylib
0x00007fff73b97000 	/usr/lib/system/libsystem_blocks.dylib
0x00007fff73b98000 	/usr/lib/system/libsystem_c.dylib
0x00007fff73c20000 	/usr/lib/system/libsystem_configuration.dylib
0x00007fff73c24000 	/usr/lib/system/libsystem_coreservices.dylib
0x00007fff73c28000 	/usr/lib/system/libsystem_darwin.dylib
0x00007fff73c31000 	/usr/lib/system/libsystem_dnssd.dylib
0x00007fff73c39000 	/usr/lib/system/libsystem_featureflags.dylib
0x00007fff73c3b000 	/usr/lib/system/libsystem_info.dylib
0x00007fff73cb6000 	/usr/lib/system/libsystem_m.dylib
0x00007fff73cfe000 	/usr/lib/system/libsystem_malloc.dylib
0x00007fff73d26000 	/usr/lib/system/libsystem_networkextension.dylib
0x00007fff73d34000 	/usr/lib/system/libsystem_notify.dylib
0x00007fff73d52000 	/usr/lib/system/libsystem_sandbox.dylib
0x00007fff73d57000 	/usr/lib/system/libsystem_secinit.dylib
0x00007fff73c89000 	/usr/lib/system/libsystem_kernel.dylib
0x00007fff73d3e000 	/usr/lib/system/libsystem_platform.dylib
0x00007fff73d47000 	/usr/lib/system/libsystem_pthread.dylib
0x00007fff73d5a000 	/usr/lib/system/libsystem_symptoms.dylib
0x00007fff73d62000 	/usr/lib/system/libsystem_trace.dylib
0x00007fff73d7a000 	/usr/lib/system/libunwind.dylib
0x00007fff73d80000 	/usr/lib/system/libxpc.dylib
0x00007fff70e67000 	/usr/lib/libc++abi.dylib
0x00007fff71c6b000 	/usr/lib/liblzma.5.dylib
0x00007fff718e6000 	/usr/lib/libfakelink.dylib
0x00007fff70c20000 	/usr/lib/libarchive.2.dylib
0x00007fff4765c000 	/System/Library/Frameworks/SystemConfiguration.framework/Versions/A/SystemConfiguration
0x00007fff7058b000 	/usr/lib/libCRFSuite.dylib
0x00007fff384d5000 	/System/Library/Frameworks/CFNetwork.framework/Versions/A/CFNetwork
0x00007fff70df6000 	/usr/lib/libbsm.0.dylib
0x00007fff73b66000 	/usr/lib/system/libkxld.dylib
0x00007fff4d3f5000 	/System/Library/PrivateFrameworks/AppleFSCompression.framework/Versions/A/AppleFSCompression
0x00007fff71181000 	/usr/lib/libcoretls.dylib
0x00007fff71198000 	/usr/lib/libcoretls_cfhelpers.dylib
0x00007fff729d4000 	/usr/lib/libpam.2.dylib
0x00007fff72b09000 	/usr/lib/libsqlite3.dylib
0x00007fff72f48000 	/usr/lib/libxar.1.dylib
0x00007fff70e07000 	/usr/lib/libbz2.1.0.dylib
0x00007fff71907000 	/usr/lib/libiconv.2.dylib
0x00007fff70e7d000 	/usr/lib/libcharset.1.dylib
0x00007fff72471000 	/usr/lib/libnetwork.dylib
0x00007fff729db000 	/usr/lib/libpcap.A.dylib
0x00007fff70bd5000 	/usr/lib/libapple_nghttp2.dylib
0x00007fff3b401000 	/System/Library/Frameworks/CoreServices.framework/Versions/A/Frameworks/FSEvents.framework/Versions/A/FSEvents
0x00007fff3b0d1000 	/System/Library/Frameworks/CoreServices.framework/Versions/A/Frameworks/CarbonCore.framework/Versions/A/CarbonCore
0x00007fff3b645000 	/System/Library/Frameworks/CoreServices.framework/Versions/A/Frameworks/Metadata.framework/Versions/A/Metadata
0x00007fff3b6de000 	/System/Library/Frameworks/CoreServices.framework/Versions/A/Frameworks/OSServices.framework/Versions/A/OSServices
0x00007fff3b70c000 	/System/Library/Frameworks/CoreServices.framework/Versions/A/Frameworks/SearchKit.framework/Versions/A/SearchKit
0x00007fff3b04b000 	/System/Library/Frameworks/CoreServices.framework/Versions/A/Frameworks/AE.framework/Versions/A/AE
0x00007fff3b40a000 	/System/Library/Frameworks/CoreServices.framework/Versions/A/Frameworks/LaunchServices.framework/Versions/A/LaunchServices
0x00007fff3b3b3000 	/System/Library/Frameworks/CoreServices.framework/Versions/A/Frameworks/DictionaryServices.framework/Versions/A/DictionaryServices
0x00007fff3b774000 	/System/Library/Frameworks/CoreServices.framework/Versions/A/Frameworks/SharedFileList.framework/Versions/A/SharedFileList
0x00007fff405fb000 	/System/Library/Frameworks/NetFS.framework/Versions/A/NetFS
0x00007fff61104000 	/System/Library/PrivateFrameworks/NetAuth.framework/Versions/A/NetAuth
0x00007fff6da6b000 	/System/Library/PrivateFrameworks/login.framework/Versions/A/Frameworks/loginsupport.framework/Versions/A/loginsupport
0x00007fff6a389000 	/System/Library/PrivateFrameworks/TCC.framework/Versions/A/TCC
0x00007fff5201a000 	/System/Library/PrivateFrameworks/CoreNLP.framework/Versions/A/CoreNLP
0x00007fff60601000 	/System/Library/PrivateFrameworks/MetadataUtilities.framework/Versions/A/MetadataUtilities
0x00007fff71d43000 	/usr/lib/libmecabra.dylib
0x00007fff71c9b000 	/usr/lib/libmecab.dylib
0x00007fff718f7000 	/usr/lib/libgermantok.dylib
0x00007fff70bbc000 	/usr/lib/libThaiTokenizer.dylib
0x00007fff705c2000 	/usr/lib/libChineseTokenizer.dylib
0x00007fff35906000 	/System/Library/Frameworks/Accelerate.framework/Versions/A/Frameworks/vImage.framework/Versions/A/vImage
0x00007fff36d70000 	/System/Library/Frameworks/Accelerate.framework/Versions/A/Frameworks/vecLib.framework/Versions/A/vecLib
0x00007fff36cad000 	/System/Library/Frameworks/Accelerate.framework/Versions/A/Frameworks/vecLib.framework/Versions/A/libvMisc.dylib
0x00007fff36ad5000 	/System/Library/Frameworks/Accelerate.framework/Versions/A/Frameworks/vecLib.framework/Versions/A/libvDSP.dylib
0x00007fff35f5d000 	/System/Library/Frameworks/Accelerate.framework/Versions/A/Frameworks/vecLib.framework/Versions/A/libBLAS.dylib
0x00007fff36699000 	/System/Library/Frameworks/Accelerate.framework/Versions/A/Frameworks/vecLib.framework/Versions/A/libLAPACK.dylib
0x00007fff36a35000 	/System/Library/Frameworks/Accelerate.framework/Versions/A/Frameworks/vecLib.framework/Versions/A/libLinearAlgebra.dylib
0x00007fff36ac2000 	/System/Library/Frameworks/Accelerate.framework/Versions/A/Frameworks/vecLib.framework/Versions/A/libSparseBLAS.dylib
0x00007fff36a4b000 	/System/Library/Frameworks/Accelerate.framework/Versions/A/Frameworks/vecLib.framework/Versions/A/libQuadrature.dylib
0x00007fff361c5000 	/System/Library/Frameworks/Accelerate.framework/Versions/A/Frameworks/vecLib.framework/Versions/A/libBNNS.dylib
0x00007fff36a51000 	/System/Library/Frameworks/Accelerate.framework/Versions/A/Frameworks/vecLib.framework/Versions/A/libSparse.dylib
0x00007fff5f177000 	/System/Library/PrivateFrameworks/LanguageModeling.framework/Versions/A/LanguageModeling
0x00007fff519ca000 	/System/Library/PrivateFrameworks/CoreEmoji.framework/Versions/A/CoreEmoji
0x00007fff5f295000 	/System/Library/PrivateFrameworks/LinguisticData.framework/Versions/A/LinguisticData
0x00007fff5f246000 	/System/Library/PrivateFrameworks/Lexicon.framework/Versions/A/Lexicon
0x00007fff70e7e000 	/usr/lib/libcmph.dylib
0x00007fff431e9000 	/System/Library/Frameworks/OpenDirectory.framework/Versions/A/Frameworks/CFOpenDirectory.framework/Versions/A/CFOpenDirectory
0x00007fff43206000 	/System/Library/Frameworks/OpenDirectory.framework/Versions/A/OpenDirectory
0x00007fff4b62b000 	/System/Library/PrivateFrameworks/APFS.framework/Versions/A/APFS
0x00007fff468f5000 	/System/Library/Frameworks/SecurityFoundation.framework/Versions/A/SecurityFoundation
0x00007fff72f44000 	/usr/lib/libutil.dylib
0x00007fff52eff000 	/System/Library/PrivateFrameworks/CoreServicesStore.framework/Versions/A/CoreServicesStore
0x00007fff469ac000 	/System/Library/Frameworks/ServiceManagement.framework/Versions/A/ServiceManagement
0x00007fff4ebc4000 	/System/Library/PrivateFrameworks/BackgroundTaskManagement.framework/Versions/A/BackgroundTaskManagement
0x00007fff73041000 	/usr/lib/libxslt.1.dylib
0x00007fff4da68000 	/System/Library/PrivateFrameworks/AppleSystemInfo.framework/Versions/A/AppleSystemInfo
0x00007fff3cda7000 	/System/Library/Frameworks/ImageIO.framework/Versions/A/Resources/libJPEG.dylib
0x00007fff3d063000 	/System/Library/Frameworks/ImageIO.framework/Versions/A/Resources/libTIFF.dylib
0x00007fff3d046000 	/System/Library/Frameworks/ImageIO.framework/Versions/A/Resources/libPng.dylib
0x00007fff3cce9000 	/System/Library/Frameworks/ImageIO.framework/Versions/A/Resources/libGIF.dylib
0x00007fff3cced000 	/System/Library/Frameworks/ImageIO.framework/Versions/A/Resources/libJP2.dylib
0x00007fff3d061000 	/System/Library/Frameworks/ImageIO.framework/Versions/A/Resources/libRadiance.dylib
0x00007fff718c0000 	/usr/lib/libexpat.1.dylib
0x00007fff4d550000 	/System/Library/PrivateFrameworks/AppleJPEG.framework/Versions/A/AppleJPEG
0x00007fff561e8000 	/System/Library/PrivateFrameworks/FontServices.framework/libFontParser.dylib
0x00007fff6ca70000 	/System/Library/PrivateFrameworks/WatchdogClient.framework/Versions/A/WatchdogClient
0x00007fff5e7d2000 	/System/Library/PrivateFrameworks/IOAccelerator.framework/Versions/A/IOAccelerator
0x00007fff3f573000 	/System/Library/Frameworks/MetalPerformanceShaders.framework/Versions/A/MetalPerformanceShaders
0x00007fff5af69000 	/System/Library/PrivateFrameworks/GPUWrangler.framework/Versions/A/GPUWrangler
0x00007fff5e7e7000 	/System/Library/PrivateFrameworks/IOPresentment.framework/Versions/A/IOPresentment
0x00007fff53a7c000 	/System/Library/PrivateFrameworks/DSExternalDisplay.framework/Versions/A/DSExternalDisplay
0x00007fff43b7a000 	/System/Library/Frameworks/OpenGL.framework/Versions/A/Libraries/libCoreFSCache.dylib
0x00007fff3f2bf000 	/System/Library/Frameworks/MetalPerformanceShaders.framework/Frameworks/MPSCore.framework/Versions/A/MPSCore
0x00007fff3f2fd000 	/System/Library/Frameworks/MetalPerformanceShaders.framework/Frameworks/MPSImage.framework/Versions/A/MPSImage
0x00007fff3f3c4000 	/System/Library/Frameworks/MetalPerformanceShaders.framework/Frameworks/MPSNeuralNetwork.framework/Versions/A/MPSNeuralNetwork
0x00007fff3f388000 	/System/Library/Frameworks/MetalPerformanceShaders.framework/Frameworks/MPSMatrix.framework/Versions/A/MPSMatrix
0x00007fff3f523000 	/System/Library/Frameworks/MetalPerformanceShaders.framework/Frameworks/MPSRayIntersector.framework/Versions/A/MPSRayIntersector
0x00007fff3f3ae000 	/System/Library/Frameworks/MetalPerformanceShaders.framework/Frameworks/MPSNDArray.framework/Versions/A/MPSNDArray
0x00007fff6064e000 	/System/Library/PrivateFrameworks/MetalTools.framework/Versions/A/MetalTools
0x00007fff4c800000 	/System/Library/PrivateFrameworks/AggregateDictionary.framework/Versions/A/AggregateDictionary
0x00007fff51414000 	/System/Library/PrivateFrameworks/CoreAnalytics.framework/Versions/A/CoreAnalytics
0x00007fff4d987000 	/System/Library/PrivateFrameworks/AppleSauce.framework/Versions/A/AppleSauce
0x00007fff7087e000 	/usr/lib/libIOReport.dylib
0x00007fff3bc75000 	/System/Library/Frameworks/CoreVideo.framework/Versions/A/CoreVideo
0x00007fff5c3e3000 	/System/Library/PrivateFrameworks/GraphVisualizer.framework/Versions/A/GraphVisualizer
0x00007fff5572f000 	/System/Library/PrivateFrameworks/FaceCore.framework/Versions/A/FaceCore
0x00007fff43190000 	/System/Library/Frameworks/OpenCL.framework/Versions/A/OpenCL
0x00007fff706a0000 	/usr/lib/libFosl_dynamic.dylib
0x00007fff61b24000 	/System/Library/PrivateFrameworks/OTSVG.framework/Versions/A/OTSVG
0x00007fff37e2f000 	/System/Library/Frameworks/ApplicationServices.framework/Versions/A/Frameworks/ATS.framework/Versions/A/Resources/libFontRegistry.dylib
0x00007fff563ba000 	/System/Library/PrivateFrameworks/FontServices.framework/libhvf.dylib
0x00007fff43b85000 	/System/Library/Frameworks/OpenGL.framework/Versions/A/Libraries/libGFXShared.dylib
0x00007fff43d63000 	/System/Library/Frameworks/OpenGL.framework/Versions/A/Libraries/libGLU.dylib
0x00007fff43b8e000 	/System/Library/Frameworks/OpenGL.framework/Versions/A/Libraries/libGL.dylib
0x00007fff43b99000 	/System/Library/Frameworks/OpenGL.framework/Versions/A/Libraries/libGLImage.dylib
0x00007fff43b77000 	/System/Library/Frameworks/OpenGL.framework/Versions/A/Libraries/libCVMSPluginSupport.dylib
0x00007fff43b80000 	/System/Library/Frameworks/OpenGL.framework/Versions/A/Libraries/libCoreVMClient.dylib
0x00007fff72312000 	/usr/lib/libncurses.5.4.dylib
0x00007fff37d2b000 	/System/Library/Frameworks/ApplicationServices.framework/Versions/A/Frameworks/ATS.framework/Versions/A/ATS
0x00007fff37ef8000 	/System/Library/Frameworks/ApplicationServices.framework/Versions/A/Frameworks/ColorSyncLegacy.framework/Versions/A/ColorSyncLegacy
0x00007fff37f96000 	/System/Library/Frameworks/ApplicationServices.framework/Versions/A/Frameworks/HIServices.framework/Versions/A/HIServices
0x00007fff37fee000 	/System/Library/Frameworks/ApplicationServices.framework/Versions/A/Frameworks/LangAnalysis.framework/Versions/A/LangAnalysis
0x00007fff37ffd000 	/System/Library/Frameworks/ApplicationServices.framework/Versions/A/Frameworks/PrintCore.framework/Versions/A/PrintCore
0x00007fff38043000 	/System/Library/Frameworks/ApplicationServices.framework/Versions/A/Frameworks/QD.framework/Versions/A/QD
0x00007fff3804e000 	/System/Library/Frameworks/ApplicationServices.framework/Versions/A/Frameworks/SpeechSynthesis.framework/Versions/A/SpeechSynthesis
0x00007fff37ec8000 	/System/Library/Frameworks/ApplicationServices.framework/Versions/A/Frameworks/ATSUI.framework/Versions/A/ATSUI
0x00007fff71756000 	/usr/lib/libcups.2.dylib
0x00007fff3e60e000 	/System/Library/Frameworks/Kerberos.framework/Versions/A/Kerberos
0x00007fff3c74f000 	/System/Library/Frameworks/GSS.framework/Versions/A/GSS
0x00007fff72a95000 	/usr/lib/libresolv.9.dylib
0x00007fff5c590000 	/System/Library/PrivateFrameworks/Heimdal.framework/Versions/A/Heimdal
0x00007fff3e621000 	/System/Library/Frameworks/Kerberos.framework/Versions/A/Libraries/libHeimdalProxy.dylib
0x00007fff718fd000 	/usr/lib/libheimdal-asn1.dylib
0x00007fff508af000 	/System/Library/PrivateFrameworks/CommonAuth.framework/Versions/A/CommonAuth
0x00007fff4db05000 	/System/Library/PrivateFrameworks/AssertionServices.framework/Versions/A/AssertionServices
0x00007fff4e6a7000 	/System/Library/PrivateFrameworks/AudioToolboxCore.framework/Versions/A/AudioToolboxCore
0x00007fff6d71b000 	/System/Library/PrivateFrameworks/caulk.framework/Versions/A/caulk
0x00007fff4ec70000 	/System/Library/PrivateFrameworks/BaseBoard.framework/Versions/A/BaseBoard
0x00007fff65d7b000 	/System/Library/PrivateFrameworks/RunningBoardServices.framework/Versions/A/RunningBoardServices
0x00007fff62d8f000 	/System/Library/PrivateFrameworks/PersistentConnection.framework/Versions/A/PersistentConnection
0x00007fff65775000 	/System/Library/PrivateFrameworks/ProtocolBuffer.framework/Versions/A/ProtocolBuffer
0x00007fff508d3000 	/System/Library/PrivateFrameworks/CommonUtilities.framework/Versions/A/CommonUtilities
0x00007fff4edfe000 	/System/Library/PrivateFrameworks/Bom.framework/Versions/A/Bom
0x00007fff70551000 	/usr/lib/libAudioToolboxUtility.dylib
0x00007fff4ebce000 	/System/Library/PrivateFrameworks/Backup.framework/Versions/A/Backup
0x00007fff5399d000 	/System/Library/PrivateFrameworks/CrashReporterSupport.framework/Versions/A/CrashReporterSupport
0x00007fff6780c000 	/System/Library/PrivateFrameworks/Sharing.framework/Versions/A/Sharing
0x00007fff4d113000 	/System/Library/PrivateFrameworks/Apple80211.framework/Versions/A/Apple80211
0x00007fff4e8eb000 	/System/Library/PrivateFrameworks/AuthKit.framework/Versions/A/AuthKit
0x00007fff536ad000 	/System/Library/PrivateFrameworks/CoreUtils.framework/Versions/A/CoreUtils
0x00007fff3bcba000 	/System/Library/Frameworks/CoreWLAN.framework/Versions/A/CoreWLAN
0x00007fff3c8dc000 	/System/Library/Frameworks/IOBluetooth.framework/Versions/A/IOBluetooth
0x00007fff60953000 	/System/Library/PrivateFrameworks/MobileKeyBag.framework/Versions/A/MobileKeyBag
0x00007fff524b2000 	/System/Library/PrivateFrameworks/CorePhoneNumbers.framework/Versions/A/CorePhoneNumbers
0x00007fff4d503000 	/System/Library/PrivateFrameworks/AppleIDAuthSupport.framework/Versions/A/AppleIDAuthSupport
0x00007fff40608000 	/System/Library/Frameworks/Network.framework/Versions/A/Network
0x00007fff5f023000 	/System/Library/PrivateFrameworks/KeychainCircle.framework/Versions/A/KeychainCircle
0x00007fff3970e000 	/System/Library/Frameworks/CoreBluetooth.framework/Versions/A/CoreBluetooth
0x00007fff69889000 	/System/Library/PrivateFrameworks/SpeechRecognitionCore.framework/Versions/A/SpeechRecognitionCore
0x00007fff2cd2e000 	/System/Library/CoreServices/Encodings/libSimplifiedChineseConverter.dylib
0x0000000104c00000 	/Users/dongguabai/develope/java8/JavaVirtualMachines/jdk1.8.0_201.jdk/Contents/Home/jre/lib/server/libjvm.dylib
0x00007fff72e17000 	/usr/lib/libstdc++.6.dylib
0x0000000103ad1000 	/Users/dongguabai/develope/java8/JavaVirtualMachines/jdk1.8.0_201.jdk/Contents/Home/jre/lib/libverify.dylib
0x0000000103adf000 	/Users/dongguabai/develope/java8/JavaVirtualMachines/jdk1.8.0_201.jdk/Contents/Home/jre/lib/libjava.dylib
0x0000000103b16000 	/Users/dongguabai/develope/java8/JavaVirtualMachines/jdk1.8.0_201.jdk/Contents/Home/jre/lib/libinstrument.dylib
0x0000000103b82000 	/Users/dongguabai/develope/java8/JavaVirtualMachines/jdk1.8.0_201.jdk/Contents/Home/jre/lib/libzip.dylib
0x000000010d259000 	/Users/dongguabai/develope/java8/JavaVirtualMachines/jdk1.8.0_201.jdk/Contents/Home/jre/lib/libnet.dylib

VM Arguments:
jvm_args: -javaagent:/Applications/IntelliJ IDEA.app/Contents/lib/idea_rt.jar=62032:/Applications/IntelliJ IDEA.app/Contents/bin -Dfile.encoding=UTF-8 
java_command: dongguabai.unsafe.Main
java_class_path (initial): /Users/dongguabai/develope/java8/JavaVirtualMachines/jdk1.8.0_201.jdk/Contents/Home/jre/lib/charsets.jar:/Users/dongguabai/develope/java8/JavaVirtualMachines/jdk1.8.0_201.jdk/Contents/Home/jre/lib/deploy.jar:/Users/dongguabai/develope/java8/JavaVirtualMachines/jdk1.8.0_201.jdk/Contents/Home/jre/lib/ext/cldrdata.jar:/Users/dongguabai/develope/java8/JavaVirtualMachines/jdk1.8.0_201.jdk/Contents/Home/jre/lib/ext/dnsns.jar:/Users/dongguabai/develope/java8/JavaVirtualMachines/jdk1.8.0_201.jdk/Contents/Home/jre/lib/ext/jaccess.jar:/Users/dongguabai/develope/java8/JavaVirtualMachines/jdk1.8.0_201.jdk/Contents/Home/jre/lib/ext/jfxrt.jar:/Users/dongguabai/develope/java8/JavaVirtualMachines/jdk1.8.0_201.jdk/Contents/Home/jre/lib/ext/localedata.jar:/Users/dongguabai/develope/java8/JavaVirtualMachines/jdk1.8.0_201.jdk/Contents/Home/jre/lib/ext/nashorn.jar:/Users/dongguabai/develope/java8/JavaVirtualMachines/jdk1.8.0_201.jdk/Contents/Home/jre/lib/ext/sunec.jar:/Users/dongguabai/develope/java8/JavaVirtualMachines/jdk1.8.0_201.jdk/Contents/Home/jre/lib/ext/sunjce_provider.jar:/Users/dongguabai/develope/java8/JavaVirtualMachines/jdk1.8.0_201.jdk/Contents/Home/jre/lib/ext/sunpkcs11.jar:/Users/dongguabai/develope/java8/JavaVirtualMachines/jdk1.8.0_201.jdk/Contents/Home/jre/lib/ext/zipfs.jar:/Users/dongguabai/develope/java8/JavaVirtualMachines/jdk1.8.0_201.jdk/Contents/Home/jre/lib/javaws.jar:/Users/dongguabai/develope/java8/JavaVirtualMachines/jdk1.8.0_201.jdk/Contents/Home/jre/lib/jce.jar:/Users/dongguabai/develope/java8/JavaVirtualMachines/jdk1.8.0_201.jdk/Contents/Home/jre/lib/jfr.jar:/Users/dongguabai/develope/java8/JavaVirtualMachines/jdk1.8.0_201.jdk/Contents/Home/jre/lib/jfxswt.jar:/Users/dongguabai/develope/java8/JavaVirtualMachines/jdk1.8.0_201.jdk/Contents/Home/jre/lib/jsse.jar:/Users/dongguabai/develope/java8/JavaVirtualMachines/jdk1.8.0_201.jdk/Contents/Home/jre/lib/management-agent.jar:/Users/dongguabai/develope/java8/JavaVirtualMachines/jdk1
Launcher Type: SUN_STANDARD

Environment Variables:
JAVA_HOME=/Users/dongguabai/develope/openJdk/jdk8u202-b08/Contents/Home
CLASSPATH=/lib/tools.jar:/lib/dt.jar:.
PATH=/Users/dongguabai/develope/maven/apache-maven-3.3.9/bin:/bin:/usr/local/bin:/usr/bin:/bin:/usr/sbin:/sbin:/Applications/VMware Fusion.app/Contents/Public:/usr/local/share/dotnet:~/.dotnet/tools:/Library/Apple/usr/bin:/Library/Frameworks/Mono.framework/Versions/Current/Commands:/Applications/Wireshark.app/Contents/MacOS:.:/Users/dongguabai/develope/gradle/gradle-5.6.4/bin
SHELL=/bin/zsh

Signal Handlers:
SIGSEGV: [libjvm.dylib+0x5b723d], sa_mask[0]=11111111011111110111111111111111, sa_flags=SA_ONSTACK|SA_RESTART|SA_SIGINFO
SIGBUS: [libjvm.dylib+0x5b723d], sa_mask[0]=11111111011111110111111111111111, sa_flags=SA_RESTART|SA_SIGINFO
SIGFPE: [libjvm.dylib+0x48c9bc], sa_mask[0]=11111111011111110111111111111111, sa_flags=SA_RESTART|SA_SIGINFO
SIGPIPE: [libjvm.dylib+0x48c9bc], sa_mask[0]=11111111011111110111111111111111, sa_flags=SA_RESTART|SA_SIGINFO
SIGXFSZ: [libjvm.dylib+0x48c9bc], sa_mask[0]=11111111011111110111111111111111, sa_flags=SA_RESTART|SA_SIGINFO
SIGILL: [libjvm.dylib+0x48c9bc], sa_mask[0]=11111111011111110111111111111111, sa_flags=SA_RESTART|SA_SIGINFO
SIGUSR1: SIG_DFL, sa_mask[0]=00000000000000000000000000000000, sa_flags=none
SIGUSR2: [libjvm.dylib+0x48c4da], sa_mask[0]=00100000000000000000000000000000, sa_flags=SA_RESTART|SA_SIGINFO
SIGHUP: [libjvm.dylib+0x48aa65], sa_mask[0]=11111111011111110111111111111111, sa_flags=SA_RESTART|SA_SIGINFO
SIGINT: [libjvm.dylib+0x48aa65], sa_mask[0]=11111111011111110111111111111111, sa_flags=SA_RESTART|SA_SIGINFO
SIGTERM: [libjvm.dylib+0x48aa65], sa_mask[0]=11111111011111110111111111111111, sa_flags=SA_RESTART|SA_SIGINFO
SIGQUIT: [libjvm.dylib+0x48aa65], sa_mask[0]=11111111011111110111111111111111, sa_flags=SA_RESTART|SA_SIGINFO


---------------  S Y S T E M  ---------------

OS:Bsduname:Darwin 19.5.0 Darwin Kernel Version 19.5.0: Thu Apr 30 18:25:59 PDT 2020; root:xnu-6153.121.1~7/RELEASE_X86_64 x86_64
rlimit: STACK 8192k, CORE 0k, NPROC 1392, NOFILE 10240, AS infinity
load average:2.51 2.69 2.74

CPU:total 8 (initial active 8) (4 cores per cpu, 2 threads per core) family 6 model 142 stepping 10, cmov, cx8, fxsr, mmx, sse, sse2, sse3, ssse3, sse4.1, sse4.2, popcnt, avx, avx2, aes, clmul, erms, 3dnowpref, lzcnt, ht, tsc, tscinvbit, bmi1, bmi2, adx

Memory: 4k page, physical 8388608k(233248k free)

/proc/meminfo:


vm_info: Java HotSpot(TM) 64-Bit Server VM (25.201-b09) for bsd-amd64 JRE (1.8.0_201-b09), built on Dec 15 2018 18:35:23 by "java_re" with gcc 4.2.1 (Based on Apple Inc. build 5658) (LLVM build 2336.11.00)

time: Sun Feb 21 19:38:54 2021
timezone: CST
elapsed time: 0 seconds (0d 0h 0m 0s)

