#
# A fatal error has been detected by the Java Runtime Environment:
#
#  SIGSEGV (0xb) at pc=0x000000010730a520, pid=54604, tid=0x0000000000001003
#
# JRE version: Java(TM) SE Runtime Environment (8.0_201-b09) (build 1.8.0_201-b09)
# Java VM: Java HotSpot(TM) 64-Bit Server VM (25.201-b09 mixed mode bsd-amd64 compressed oops)
# Problematic frame:
# V  [libjvm.dylib+0x585520]
#
# Failed to write core dump. Core dumps have been disabled. To enable core dumping, try "ulimit -c unlimited" before starting Java again
#
# If you would like to submit a bug report, please visit:
#   http://bugreport.java.com/bugreport/crash.jsp
#

---------------  T H R E A D  ---------------

Current thread (0x00007fb06e012800):  JavaThread "main" [_thread_in_vm, id=4099, stack(0x000070000e441000,0x000070000e541000)]

siginfo: si_signo: 11 (SIGSEGV), si_code: 1 (SEGV_MAPERR), si_addr: 0x0000000000000001

Registers:
RAX=0x0000000107681d70, RBX=0x0000000000000001, RCX=0x00000001075b15e0, RDX=0x0000000000000000
RSP=0x000070000e540840, RBP=0x000070000e540870, RSI=0x0000000000000006, RDI=0x000070000e540850
R8 =0x00007fb06dd104c8, R9 =0x00007fb06dc1e038, R10=0x0000000107d5ea5c, R11=0x000000010726e913
R12=0x0000000000000000, R13=0x000000011b5c1cb8, R14=0x0000000000000000, R15=0x00007fb06e012800
RIP=0x000000010730a520, EFLAGS=0x0000000000010246, ERR=0x0000000000000004
  TRAPNO=0x000000000000000e

Top of Stack: (sp=0x000070000e540840)
0x000070000e540840:   000070000e5408e0 00007fb06e012800
0x000070000e540850:   00007fb06e012800 000000011b5c1cb8
0x000070000e540860:   000070000e540920 00007fb06e012800
0x000070000e540870:   000070000e5408e8 0000000107d5ea88
0x000070000e540880:   000070000e5408a8 000000011b5c1cb8
0x000070000e540890:   000070000e5408e8 0000000107d5e66c
0x000070000e5408a0:   0000000107d5e62a 000070000e5408a8
0x000070000e5408b0:   000000011b5c1cb8 000070000e540920
0x000070000e5408c0:   000000011b5ef120 0000000000000000
0x000070000e5408d0:   000000011b5c1cb8 0000000000000000
0x000070000e5408e0:   000070000e540908 000070000e540968
0x000070000e5408f0:   0000000107d45da0 0000000000000000
0x000070000e540900:   0000000107d54d36 0000000000000001
0x000070000e540910:   000070000e540968 0000000000000000
0x000070000e540920:   00000007955889a8 000070000e540928
0x000070000e540930:   000000011b5c2b2b 000070000e5409a0
0x000070000e540940:   000000011b5ef120 0000000000000000
0x000070000e540950:   000000011b5c2b48 000070000e540908
0x000070000e540960:   000070000e540980 000070000e5409e8
0x000070000e540970:   0000000107d45da0 0000000000000000
0x000070000e540980:   0000000000000001 0000000000000001
0x000070000e540990:   0000000107d554d9 0000000000000000
0x000070000e5409a0:   00000007955889a8 000070000e5409a8
0x000070000e5409b0:   000000011b94eb18 000070000e540a08
0x000070000e5409c0:   000000011b94ebc8 0000000000000000
0x000070000e5409d0:   000000011b94eb58 000070000e540980
0x000070000e5409e0:   000070000e540a08 000070000e540a70
0x000070000e5409f0:   0000000107d3e7a7 0000000000000000
0x000070000e540a00:   00000007955889a8 00000007959b4d80
0x000070000e540a10:   0000000100001fa0 000000000000000a
0x000070000e540a20:   00007fb06e012800 0000000000000001
0x000070000e540a30:   0000000107d3e71f 000000011b94eb58 

Instructions: (pc=0x000000010730a520)
0x000000010730a500:   e0 48 8d 7d e0 be 06 00 00 00 e8 49 55 be ff 4c
0x000000010730a510:   89 7d d8 4d 85 f6 75 05 45 31 f6 eb 03 4d 8b 36
0x000000010730a520:   41 8b 04 1e 89 45 d4 8b 5d d4 48 8d 7d d8 e8 69
0x000000010730a530:   c9 be ff 48 8d 7d e0 be 06 00 00 00 ba 04 00 00 

Register to memory mapping:

RAX=0x0000000107681d70: _ZN20SafepointSynchronize6_stateE+0 in /Users/dongguabai/develope/java8/JavaVirtualMachines/jdk1.8.0_201.jdk/Contents/Home/jre/lib/server/libjvm.dylib at 0x0000000106d85000
RBX=0x0000000000000001 is an unknown value
RCX=0x00000001075b15e0: UseMembar+0 in /Users/dongguabai/develope/java8/JavaVirtualMachines/jdk1.8.0_201.jdk/Contents/Home/jre/lib/server/libjvm.dylib at 0x0000000106d85000
RDX=0x0000000000000000 is an unknown value
RSP=0x000070000e540840 is pointing into the stack for thread: 0x00007fb06e012800
RBP=0x000070000e540870 is pointing into the stack for thread: 0x00007fb06e012800
RSI=0x0000000000000006 is an unknown value
RDI=0x000070000e540850 is pointing into the stack for thread: 0x00007fb06e012800
R8 =0x00007fb06dd104c8 is an unknown value
R9 =0x00007fb06dc1e038 is an unknown value
R10=0x0000000107d5ea5c is at code_begin+1596 in an Interpreter codelet
method entry point (kind = native)  [0x0000000107d5e420, 0x0000000107d5f3e0]  4032 bytes
R11=0x000000010726e913: throw_unsatisfied_link_error+0 in /Users/dongguabai/develope/java8/JavaVirtualMachines/jdk1.8.0_201.jdk/Contents/Home/jre/lib/server/libjvm.dylib at 0x0000000106d85000
R12=0x0000000000000000 is an unknown value
R13={method} {0x000000011b5c1cb8} 'getIntVolatile' '(Ljava/lang/Object;J)I' in 'sun/misc/Unsafe'
R14=0x0000000000000000 is an unknown value
R15=0x00007fb06e012800 is a thread


Stack: [0x000070000e441000,0x000070000e541000],  sp=0x000070000e540840,  free space=1022k
Native frames: (J=compiled Java code, j=interpreted, Vv=VM code, C=native code)
V  [libjvm.dylib+0x585520]
j  sun.misc.Unsafe.getIntVolatile(Ljava/lang/Object;J)I+0
j  sun.misc.Unsafe.getAndSetInt(Ljava/lang/Object;JI)I+3
j  dongguabai.unsafe.Main.main([Ljava/lang/String;)V+8
v  ~StubRoutines::call_stub
V  [libjvm.dylib+0x2f0bea]
V  [libjvm.dylib+0x327b91]
V  [libjvm.dylib+0x32091d]
C  [java+0x38c6]  JavaMain+0x9c4
C  [libsystem_pthread.dylib+0x6109]  _pthread_start+0x94
C  [libsystem_pthread.dylib+0x1b8b]  thread_start+0xf
C  0x0000000000000000

Java frames: (J=compiled Java code, j=interpreted, Vv=VM code)
j  sun.misc.Unsafe.getIntVolatile(Ljava/lang/Object;J)I+0
j  sun.misc.Unsafe.getAndSetInt(Ljava/lang/Object;JI)I+3
j  dongguabai.unsafe.Main.main([Ljava/lang/String;)V+8
v  ~StubRoutines::call_stub

---------------  P R O C E S S  ---------------

Java Threads: ( => current thread )
  0x00007fb0708ca000 JavaThread "Service Thread" daemon [_thread_blocked, id=43011, stack(0x000070000f983000,0x000070000fa83000)]
  0x00007fb06f8bb800 JavaThread "C1 CompilerThread3" daemon [_thread_blocked, id=21763, stack(0x000070000f880000,0x000070000f980000)]
  0x00007fb06f0ab000 JavaThread "C2 CompilerThread2" daemon [_thread_blocked, id=16131, stack(0x000070000f77d000,0x000070000f87d000)]
  0x00007fb071038800 JavaThread "C2 CompilerThread1" daemon [_thread_blocked, id=16387, stack(0x000070000f67a000,0x000070000f77a000)]
  0x00007fb07185e000 JavaThread "C2 CompilerThread0" daemon [_thread_blocked, id=16899, stack(0x000070000f577000,0x000070000f677000)]
  0x00007fb071812800 JavaThread "JDWP Command Reader" daemon [_thread_in_native, id=15107, stack(0x000070000f474000,0x000070000f574000)]
  0x00007fb06f027000 JavaThread "JDWP Event Helper Thread" daemon [_thread_blocked, id=14851, stack(0x000070000f371000,0x000070000f471000)]
  0x00007fb06f046000 JavaThread "JDWP Transport Listener: dt_socket" daemon [_thread_blocked, id=14599, stack(0x000070000f26e000,0x000070000f36e000)]
  0x00007fb071031800 JavaThread "Signal Dispatcher" daemon [_thread_blocked, id=14339, stack(0x000070000f16b000,0x000070000f26b000)]
  0x00007fb06f023000 JavaThread "Finalizer" daemon [_thread_blocked, id=19715, stack(0x000070000ef62000,0x000070000f062000)]
  0x00007fb06f816000 JavaThread "Reference Handler" daemon [_thread_blocked, id=19971, stack(0x000070000ee5f000,0x000070000ef5f000)]
=>0x00007fb06e012800 JavaThread "main" [_thread_in_vm, id=4099, stack(0x000070000e441000,0x000070000e541000)]

Other Threads:
  0x00007fb06f020000 VMThread [stack: 0x000070000ed5c000,0x000070000ee5c000] [id=12035]
  0x00007fb06e8f5000 WatcherThread [stack: 0x000070000fa86000,0x000070000fb86000] [id=22019]

VM state:not at safepoint (normal execution)

VM Mutex/Monitor currently owned by a thread: None

heap address: 0x0000000740000000, size: 2048 MB, Compressed Oops mode: Zero based, Oop shift amount: 3
Narrow klass base: 0x0000000000000000, Narrow klass shift: 3
Compressed class space size: 1073741824 Address: 0x00000007c0000000

Heap:
 PSYoungGen      total 38400K, used 5341K [0x0000000795580000, 0x0000000798000000, 0x00000007c0000000)
  eden space 33280K, 16% used [0x0000000795580000,0x0000000795ab7650,0x0000000797600000)
  from space 5120K, 0% used [0x0000000797b00000,0x0000000797b00000,0x0000000798000000)
  to   space 5120K, 0% used [0x0000000797600000,0x0000000797600000,0x0000000797b00000)
 ParOldGen       total 87552K, used 0K [0x0000000740000000, 0x0000000745580000, 0x0000000795580000)
  object space 87552K, 0% used [0x0000000740000000,0x0000000740000000,0x0000000745580000)
 Metaspace       used 3440K, capacity 4556K, committed 4864K, reserved 1056768K
  class space    used 377K, capacity 392K, committed 512K, reserved 1048576K

Card table byte_map: [0x0000000116d3e000,0x000000011713f000] byte_map_base: 0x000000011333e000

Marking Bits: (ParMarkBitMap*) 0x0000000107680e40
 Begin Bits: [0x000000011713f000, 0x000000011913f000)
 End Bits:   [0x000000011913f000, 0x000000011b13f000)

Polling page: 0x0000000105466000

CodeCache: size=245760Kb used=1176Kb max_used=1188Kb free=244583Kb
 bounds [0x0000000107d3e000, 0x0000000107fae000, 0x0000000116d3e000]
 total_blobs=291 nmethods=44 adapters=169
 compilation: enabled

Compilation events (10 events):
Event: 0.868 Thread 0x00007fb06f8bb800   41       3       java.lang.String::indexOf (7 bytes)
Event: 0.868 Thread 0x00007fb06f8bb800 nmethod 41 0x0000000107e62490 code [0x0000000107e62600, 0x0000000107e62828]
Event: 0.869 Thread 0x00007fb06f8bb800   42       1       sun.instrument.TransformerManager::getSnapshotTransformerList (5 bytes)
Event: 0.870 Thread 0x00007fb06f8bb800 nmethod 42 0x0000000107e628d0 code [0x0000000107e62a20, 0x0000000107e62b30]
Event: 0.870 Thread 0x00007fb06f8bb800   44   !   3       sun.instrument.TransformerManager::transform (98 bytes)
Event: 0.870 Thread 0x00007fb06f8bb800 nmethod 44 0x0000000107e62b90 code [0x0000000107e62d20, 0x0000000107e631e8]
Event: 0.870 Thread 0x00007fb06f8bb800   43       3       sun.instrument.InstrumentationImpl::transform (38 bytes)
Event: 0.870 Thread 0x00007fb06f8bb800 nmethod 43 0x0000000107e634d0 code [0x0000000107e63640, 0x0000000107e638e8]
Event: 0.871 Thread 0x00007fb071038800 nmethod 40 0x0000000107e66810 code [0x0000000107e66960, 0x0000000107e66b78]
Event: 0.873 Thread 0x00007fb07185e000 nmethod 35 0x0000000107e64b90 code [0x0000000107e64d00, 0x0000000107e650f8]

GC Heap History (0 events):
No events

Deoptimization events (0 events):
No events

Classes redefined (0 events):
No events

Internal exceptions (6 events):
Event: 0.031 Thread 0x00007fb06e012800 Exception <a 'java/lang/NoSuchMethodError': Method sun.misc.Unsafe.defineClass(Ljava/lang/String;[BII)Ljava/lang/Class; name or signature does not match> (0x0000000795587cb0) thrown at [/Users/java_re/workspace/8-2-build-macosx-x86_64/jdk8u201/12322/hotsp
Event: 0.031 Thread 0x00007fb06e012800 Exception <a 'java/lang/NoSuchMethodError': Method sun.misc.Unsafe.prefetchRead(Ljava/lang/Object;J)V name or signature does not match> (0x0000000795587f98) thrown at [/Users/java_re/workspace/8-2-build-macosx-x86_64/jdk8u201/12322/hotspot/src/share/vm/pr
Event: 0.733 Thread 0x00007fb06e012800 Exception <a 'java/security/PrivilegedActionException'> (0x0000000795884ec0) thrown at [/Users/java_re/workspace/8-2-build-macosx-x86_64/jdk8u201/12322/hotspot/src/share/vm/prims/jvm.cpp, line 1502]
Event: 0.733 Thread 0x00007fb06e012800 Exception <a 'java/security/PrivilegedActionException'> (0x00000007958850d0) thrown at [/Users/java_re/workspace/8-2-build-macosx-x86_64/jdk8u201/12322/hotspot/src/share/vm/prims/jvm.cpp, line 1502]
Event: 0.740 Thread 0x00007fb06e012800 Exception <a 'java/security/PrivilegedActionException'> (0x0000000795888b70) thrown at [/Users/java_re/workspace/8-2-build-macosx-x86_64/jdk8u201/12322/hotspot/src/share/vm/prims/jvm.cpp, line 1502]
Event: 0.740 Thread 0x00007fb06e012800 Exception <a 'java/security/PrivilegedActionException'> (0x0000000795888d80) thrown at [/Users/java_re/workspace/8-2-build-macosx-x86_64/jdk8u201/12322/hotspot/src/share/vm/prims/jvm.cpp, line 1502]

Events (10 events):
Event: 4.367 Executing VM operation: ChangeBreakpoints
Event: 4.367 Executing VM operation: ChangeBreakpoints done
Event: 4.390 Executing VM operation: EnterInterpOnlyMode
Event: 4.390 Executing VM operation: EnterInterpOnlyMode done
Event: 4.390 Executing VM operation: GetCurrentLocation
Event: 4.390 Executing VM operation: GetCurrentLocation done
Event: 4.390 Executing VM operation: ChangeSingleStep
Event: 4.390 Executing VM operation: ChangeSingleStep done
Event: 4.391 Executing VM operation: ChangeSingleStep
Event: 4.391 Executing VM operation: ChangeSingleStep done


Dynamic libraries:
0x00007fff38dc3000 	/System/Library/Frameworks/Cocoa.framework/Versions/A/Cocoa
0x00007fff465ab000 	/System/Library/Frameworks/Security.framework/Versions/A/Security
0x00007fff37d2a000 	/System/Library/Frameworks/ApplicationServices.framework/Versions/A/ApplicationServices
0x00007fff7306a000 	/usr/lib/libz.1.dylib
0x00007fff70b2e000 	/usr/lib/libSystem.B.dylib
0x00007fff7298e000 	/usr/lib/libobjc.A.dylib
0x00007fff39c63000 	/System/Library/Frameworks/CoreFoundation.framework/Versions/A/CoreFoundation
0x00007fff3c31d000 	/System/Library/Frameworks/Foundation.framework/Versions/C/Foundation
0x00007fff36f1a000 	/System/Library/Frameworks/AppKit.framework/Versions/C/AppKit
0x00007fff39747000 	/System/Library/Frameworks/CoreData.framework/Versions/A/CoreData
0x00007fff6ab49000 	/System/Library/PrivateFrameworks/UIFoundation.framework/Versions/A/UIFoundation
0x00007fff65bed000 	/System/Library/PrivateFrameworks/RemoteViewServices.framework/Versions/A/RemoteViewServices
0x00007fff6d69e000 	/System/Library/PrivateFrameworks/XCTTargetBootstrap.framework/Versions/A/XCTTargetBootstrap
0x00007fff39b32000 	/System/Library/Frameworks/CoreDisplay.framework/Versions/A/CoreDisplay
0x00007fff3f1d8000 	/System/Library/Frameworks/Metal.framework/Versions/A/Metal
0x00007fff53c0f000 	/System/Library/PrivateFrameworks/DesktopServicesPriv.framework/Versions/A/DesktopServicesPriv
0x00007fff71c69000 	/usr/lib/liblangid.dylib
0x00007fff52ea7000 	/System/Library/PrivateFrameworks/CoreSVG.framework/Versions/A/CoreSVG
0x00007fff68d46000 	/System/Library/PrivateFrameworks/SkyLight.framework/Versions/A/SkyLight
0x00007fff3a0e4000 	/System/Library/Frameworks/CoreGraphics.framework/Versions/A/CoreGraphics
0x00007fff358ee000 	/System/Library/Frameworks/Accelerate.framework/Versions/A/Accelerate
0x00007fff72f5b000 	/usr/lib/libxml2.2.dylib
0x00007fff5eb86000 	/System/Library/PrivateFrameworks/IconServices.framework/Versions/A/IconServices
0x00007fff3cafc000 	/System/Library/Frameworks/IOSurface.framework/Versions/A/IOSurface
0x00007fff70658000 	/usr/lib/libDiagnosticMessagesClient.dylib
0x00007fff53a69000 	/System/Library/PrivateFrameworks/DFRFoundation.framework/Versions/A/DFRFoundation
0x00007fff719f8000 	/usr/lib/libicucore.A.dylib
0x00007fff3805c000 	/System/Library/Frameworks/AudioToolbox.framework/Versions/A/AudioToolbox
0x00007fff3813f000 	/System/Library/Frameworks/AudioUnit.framework/Versions/A/AudioUnit
0x00007fff70d30000 	/usr/lib/libauto.dylib
0x00007fff53b0b000 	/System/Library/PrivateFrameworks/DataDetectorsCore.framework/Versions/A/DataDetectorsCore
0x00007fff388e4000 	/System/Library/Frameworks/Carbon.framework/Versions/A/Frameworks/HIToolbox.framework/Versions/A/HIToolbox
0x00007fff457a8000 	/System/Library/Frameworks/QuartzCore.framework/Versions/A/QuartzCore
0x00007fff38c23000 	/System/Library/Frameworks/Carbon.framework/Versions/A/Frameworks/SpeechRecognition.framework/Versions/A/SpeechRecognition
0x00007fff53580000 	/System/Library/PrivateFrameworks/CoreUI.framework/Versions/A/CoreUI
0x00007fff391b2000 	/System/Library/Frameworks/CoreAudio.framework/Versions/A/CoreAudio
0x00007fff3bfde000 	/System/Library/Frameworks/DiskArbitration.framework/Versions/A/DiskArbitration
0x00007fff60bd4000 	/System/Library/PrivateFrameworks/MultitouchSupport.framework/Versions/A/MultitouchSupport
0x00007fff718bf000 	/usr/lib/libenergytrace.dylib
0x00007fff3ca56000 	/System/Library/Frameworks/IOKit.framework/Versions/A/IOKit
0x00007fff3b04a000 	/System/Library/Frameworks/CoreServices.framework/Versions/A/CoreServices
0x00007fff62d83000 	/System/Library/PrivateFrameworks/PerformanceAnalysis.framework/Versions/A/PerformanceAnalysis
0x00007fff447db000 	/System/Library/Frameworks/OpenGL.framework/Versions/A/OpenGL
0x00007fff38dd1000 	/System/Library/Frameworks/ColorSync.framework/Versions/A/ColorSync
0x00007fff3a766000 	/System/Library/Frameworks/CoreImage.framework/Versions/A/CoreImage
0x00007fff3babd000 	/System/Library/Frameworks/CoreText.framework/Versions/A/CoreText
0x00007fff3cb8c000 	/System/Library/Frameworks/ImageIO.framework/Versions/A/ImageIO
0x00007fff70e14000 	/usr/lib/libc++.1.dylib
0x00007fff70e90000 	/usr/lib/libcompression.dylib
0x00007fff7099c000 	/usr/lib/libMobileGestalt.dylib
0x00007fff6a8be000 	/System/Library/PrivateFrameworks/TextureIO.framework/Versions/A/TextureIO
0x00007fff70c93000 	/usr/lib/libate.dylib
0x00007fff5ed8f000 	/System/Library/PrivateFrameworks/InternationalSupport.framework/Versions/A/InternationalSupport
0x00007fff7392a000 	/usr/lib/system/libcache.dylib
0x00007fff73930000 	/usr/lib/system/libcommonCrypto.dylib
0x00007fff7393c000 	/usr/lib/system/libcompiler_rt.dylib
0x00007fff73944000 	/usr/lib/system/libcopyfile.dylib
0x00007fff7394e000 	/usr/lib/system/libcorecrypto.dylib
0x00007fff73aed000 	/usr/lib/system/libdispatch.dylib
0x00007fff73b2e000 	/usr/lib/system/libdyld.dylib
0x00007fff73b65000 	/usr/lib/system/libkeymgr.dylib
0x00007fff73b73000 	/usr/lib/system/liblaunch.dylib
0x00007fff73b74000 	/usr/lib/system/libmacho.dylib
0x00007fff73b7a000 	/usr/lib/system/libquarantine.dylib
0x00007fff73b7d000 	/usr/lib/system/libremovefile.dylib
0x00007fff73b7f000 	/usr/lib/system/libsystem_asl.dylib
0x00007fff73b97000 	/usr/lib/system/libsystem_blocks.dylib
0x00007fff73b98000 	/usr/lib/system/libsystem_c.dylib
0x00007fff73c20000 	/usr/lib/system/libsystem_configuration.dylib
0x00007fff73c24000 	/usr/lib/system/libsystem_coreservices.dylib
0x00007fff73c28000 	/usr/lib/system/libsystem_darwin.dylib
0x00007fff73c31000 	/usr/lib/system/libsystem_dnssd.dylib
0x00007fff73c39000 	/usr/lib/system/libsystem_featureflags.dylib
0x00007fff73c3b000 	/usr/lib/system/libsystem_info.dylib
0x00007fff73cb6000 	/usr/lib/system/libsystem_m.dylib
0x00007fff73cfe000 	/usr/lib/system/libsystem_malloc.dylib
0x00007fff73d26000 	/usr/lib/system/libsystem_networkextension.dylib
0x00007fff73d34000 	/usr/lib/system/libsystem_notify.dylib
0x00007fff73d52000 	/usr/lib/system/libsystem_sandbox.dylib
0x00007fff73d57000 	/usr/lib/system/libsystem_secinit.dylib
0x00007fff73c89000 	/usr/lib/system/libsystem_kernel.dylib
0x00007fff73d3e000 	/usr/lib/system/libsystem_platform.dylib
0x00007fff73d47000 	/usr/lib/system/libsystem_pthread.dylib
0x00007fff73d5a000 	/usr/lib/system/libsystem_symptoms.dylib
0x00007fff73d62000 	/usr/lib/system/libsystem_trace.dylib
0x00007fff73d7a000 	/usr/lib/system/libunwind.dylib
0x00007fff73d80000 	/usr/lib/system/libxpc.dylib
0x00007fff70e67000 	/usr/lib/libc++abi.dylib
0x00007fff71c6b000 	/usr/lib/liblzma.5.dylib
0x00007fff718e6000 	/usr/lib/libfakelink.dylib
0x00007fff70c20000 	/usr/lib/libarchive.2.dylib
0x00007fff4765c000 	/System/Library/Frameworks/SystemConfiguration.framework/Versions/A/SystemConfiguration
0x00007fff7058b000 	/usr/lib/libCRFSuite.dylib
0x00007fff384d5000 	/System/Library/Frameworks/CFNetwork.framework/Versions/A/CFNetwork
0x00007fff70df6000 	/usr/lib/libbsm.0.dylib
0x00007fff73b66000 	/usr/lib/system/libkxld.dylib
0x00007fff4d3f5000 	/System/Library/PrivateFrameworks/AppleFSCompression.framework/Versions/A/AppleFSCompression
0x00007fff71181000 	/usr/lib/libcoretls.dylib
0x00007fff71198000 	/usr/lib/libcoretls_cfhelpers.dylib
0x00007fff729d4000 	/usr/lib/libpam.2.dylib
0x00007fff72b09000 	/usr/lib/libsqlite3.dylib
0x00007fff72f48000 	/usr/lib/libxar.1.dylib
0x00007fff70e07000 	/usr/lib/libbz2.1.0.dylib
0x00007fff71907000 	/usr/lib/libiconv.2.dylib
0x00007fff70e7d000 	/usr/lib/libcharset.1.dylib
0x00007fff72471000 	/usr/lib/libnetwork.dylib
0x00007fff729db000 	/usr/lib/libpcap.A.dylib
0x00007fff70bd5000 	/usr/lib/libapple_nghttp2.dylib
0x00007fff3b401000 	/System/Library/Frameworks/CoreServices.framework/Versions/A/Frameworks/FSEvents.framework/Versions/A/FSEvents
0x00007fff3b0d1000 	/System/Library/Frameworks/CoreServices.framework/Versions/A/Frameworks/CarbonCore.framework/Versions/A/CarbonCore
0x00007fff3b645000 	/System/Library/Frameworks/CoreServices.framework/Versions/A/Frameworks/Metadata.framework/Versions/A/Metadata
0x00007fff3b6de000 	/System/Library/Frameworks/CoreServices.framework/Versions/A/Frameworks/OSServices.framework/Versions/A/OSServices
0x00007fff3b70c000 	/System/Library/Frameworks/CoreServices.framework/Versions/A/Frameworks/SearchKit.framework/Versions/A/SearchKit
0x00007fff3b04b000 	/System/Library/Frameworks/CoreServices.framework/Versions/A/Frameworks/AE.framework/Versions/A/AE
0x00007fff3b40a000 	/System/Library/Frameworks/CoreServices.framework/Versions/A/Frameworks/LaunchServices.framework/Versions/A/LaunchServices
0x00007fff3b3b3000 	/System/Library/Frameworks/CoreServices.framework/Versions/A/Frameworks/DictionaryServices.framework/Versions/A/DictionaryServices
0x00007fff3b774000 	/System/Library/Frameworks/CoreServices.framework/Versions/A/Frameworks/SharedFileList.framework/Versions/A/SharedFileList
0x00007fff405fb000 	/System/Library/Frameworks/NetFS.framework/Versions/A/NetFS
0x00007fff61104000 	/System/Library/PrivateFrameworks/NetAuth.framework/Versions/A/NetAuth
0x00007fff6da6b000 	/System/Library/PrivateFrameworks/login.framework/Versions/A/Frameworks/loginsupport.framework/Versions/A/loginsupport
0x00007fff6a389000 	/System/Library/PrivateFrameworks/TCC.framework/Versions/A/TCC
0x00007fff5201a000 	/System/Library/PrivateFrameworks/CoreNLP.framework/Versions/A/CoreNLP
0x00007fff60601000 	/System/Library/PrivateFrameworks/MetadataUtilities.framework/Versions/A/MetadataUtilities
0x00007fff71d43000 	/usr/lib/libmecabra.dylib
0x00007fff71c9b000 	/usr/lib/libmecab.dylib
0x00007fff718f7000 	/usr/lib/libgermantok.dylib
0x00007fff70bbc000 	/usr/lib/libThaiTokenizer.dylib
0x00007fff705c2000 	/usr/lib/libChineseTokenizer.dylib
0x00007fff35906000 	/System/Library/Frameworks/Accelerate.framework/Versions/A/Frameworks/vImage.framework/Versions/A/vImage
0x00007fff36d70000 	/System/Library/Frameworks/Accelerate.framework/Versions/A/Frameworks/vecLib.framework/Versions/A/vecLib
0x00007fff36cad000 	/System/Library/Frameworks/Accelerate.framework/Versions/A/Frameworks/vecLib.framework/Versions/A/libvMisc.dylib
0x00007fff36ad5000 	/System/Library/Frameworks/Accelerate.framework/Versions/A/Frameworks/vecLib.framework/Versions/A/libvDSP.dylib
0x00007fff35f5d000 	/System/Library/Frameworks/Accelerate.framework/Versions/A/Frameworks/vecLib.framework/Versions/A/libBLAS.dylib
0x00007fff36699000 	/System/Library/Frameworks/Accelerate.framework/Versions/A/Frameworks/vecLib.framework/Versions/A/libLAPACK.dylib
0x00007fff36a35000 	/System/Library/Frameworks/Accelerate.framework/Versions/A/Frameworks/vecLib.framework/Versions/A/libLinearAlgebra.dylib
0x00007fff36ac2000 	/System/Library/Frameworks/Accelerate.framework/Versions/A/Frameworks/vecLib.framework/Versions/A/libSparseBLAS.dylib
0x00007fff36a4b000 	/System/Library/Frameworks/Accelerate.framework/Versions/A/Frameworks/vecLib.framework/Versions/A/libQuadrature.dylib
0x00007fff361c5000 	/System/Library/Frameworks/Accelerate.framework/Versions/A/Frameworks/vecLib.framework/Versions/A/libBNNS.dylib
0x00007fff36a51000 	/System/Library/Frameworks/Accelerate.framework/Versions/A/Frameworks/vecLib.framework/Versions/A/libSparse.dylib
0x00007fff5f177000 	/System/Library/PrivateFrameworks/LanguageModeling.framework/Versions/A/LanguageModeling
0x00007fff519ca000 	/System/Library/PrivateFrameworks/CoreEmoji.framework/Versions/A/CoreEmoji
0x00007fff5f295000 	/System/Library/PrivateFrameworks/LinguisticData.framework/Versions/A/LinguisticData
0x00007fff5f246000 	/System/Library/PrivateFrameworks/Lexicon.framework/Versions/A/Lexicon
0x00007fff70e7e000 	/usr/lib/libcmph.dylib
0x00007fff431e9000 	/System/Library/Frameworks/OpenDirectory.framework/Versions/A/Frameworks/CFOpenDirectory.framework/Versions/A/CFOpenDirectory
0x00007fff43206000 	/System/Library/Frameworks/OpenDirectory.framework/Versions/A/OpenDirectory
0x00007fff4b62b000 	/System/Library/PrivateFrameworks/APFS.framework/Versions/A/APFS
0x00007fff468f5000 	/System/Library/Frameworks/SecurityFoundation.framework/Versions/A/SecurityFoundation
0x00007fff72f44000 	/usr/lib/libutil.dylib
0x00007fff52eff000 	/System/Library/PrivateFrameworks/CoreServicesStore.framework/Versions/A/CoreServicesStore
0x00007fff469ac000 	/System/Library/Frameworks/ServiceManagement.framework/Versions/A/ServiceManagement
0x00007fff4ebc4000 	/System/Library/PrivateFrameworks/BackgroundTaskManagement.framework/Versions/A/BackgroundTaskManagement
0x00007fff73041000 	/usr/lib/libxslt.1.dylib
0x00007fff4da68000 	/System/Library/PrivateFrameworks/AppleSystemInfo.framework/Versions/A/AppleSystemInfo
0x00007fff3cda7000 	/System/Library/Frameworks/ImageIO.framework/Versions/A/Resources/libJPEG.dylib
0x00007fff3d063000 	/System/Library/Frameworks/ImageIO.framework/Versions/A/Resources/libTIFF.dylib
0x00007fff3d046000 	/System/Library/Frameworks/ImageIO.framework/Versions/A/Resources/libPng.dylib
0x00007fff3cce9000 	/System/Library/Frameworks/ImageIO.framework/Versions/A/Resources/libGIF.dylib
0x00007fff3cced000 	/System/Library/Frameworks/ImageIO.framework/Versions/A/Resources/libJP2.dylib
0x00007fff3d061000 	/System/Library/Frameworks/ImageIO.framework/Versions/A/Resources/libRadiance.dylib
0x00007fff718c0000 	/usr/lib/libexpat.1.dylib
0x00007fff4d550000 	/System/Library/PrivateFrameworks/AppleJPEG.framework/Versions/A/AppleJPEG
0x00007fff561e8000 	/System/Library/PrivateFrameworks/FontServices.framework/libFontParser.dylib
0x00007fff6ca70000 	/System/Library/PrivateFrameworks/WatchdogClient.framework/Versions/A/WatchdogClient
0x00007fff5e7d2000 	/System/Library/PrivateFrameworks/IOAccelerator.framework/Versions/A/IOAccelerator
0x00007fff3f573000 	/System/Library/Frameworks/MetalPerformanceShaders.framework/Versions/A/MetalPerformanceShaders
0x00007fff5af69000 	/System/Library/PrivateFrameworks/GPUWrangler.framework/Versions/A/GPUWrangler
0x00007fff5e7e7000 	/System/Library/PrivateFrameworks/IOPresentment.framework/Versions/A/IOPresentment
0x00007fff53a7c000 	/System/Library/PrivateFrameworks/DSExternalDisplay.framework/Versions/A/DSExternalDisplay
0x00007fff43b7a000 	/System/Library/Frameworks/OpenGL.framework/Versions/A/Libraries/libCoreFSCache.dylib
0x00007fff3f2bf000 	/System/Library/Frameworks/MetalPerformanceShaders.framework/Frameworks/MPSCore.framework/Versions/A/MPSCore
0x00007fff3f2fd000 	/System/Library/Frameworks/MetalPerformanceShaders.framework/Frameworks/MPSImage.framework/Versions/A/MPSImage
0x00007fff3f3c4000 	/System/Library/Frameworks/MetalPerformanceShaders.framework/Frameworks/MPSNeuralNetwork.framework/Versions/A/MPSNeuralNetwork
0x00007fff3f388000 	/System/Library/Frameworks/MetalPerformanceShaders.framework/Frameworks/MPSMatrix.framework/Versions/A/MPSMatrix
0x00007fff3f523000 	/System/Library/Frameworks/MetalPerformanceShaders.framework/Frameworks/MPSRayIntersector.framework/Versions/A/MPSRayIntersector
0x00007fff3f3ae000 	/System/Library/Frameworks/MetalPerformanceShaders.framework/Frameworks/MPSNDArray.framework/Versions/A/MPSNDArray
0x00007fff6064e000 	/System/Library/PrivateFrameworks/MetalTools.framework/Versions/A/MetalTools
0x00007fff4c800000 	/System/Library/PrivateFrameworks/AggregateDictionary.framework/Versions/A/AggregateDictionary
0x00007fff51414000 	/System/Library/PrivateFrameworks/CoreAnalytics.framework/Versions/A/CoreAnalytics
0x00007fff4d987000 	/System/Library/PrivateFrameworks/AppleSauce.framework/Versions/A/AppleSauce
0x00007fff7087e000 	/usr/lib/libIOReport.dylib
0x00007fff3bc75000 	/System/Library/Frameworks/CoreVideo.framework/Versions/A/CoreVideo
0x00007fff5c3e3000 	/System/Library/PrivateFrameworks/GraphVisualizer.framework/Versions/A/GraphVisualizer
0x00007fff5572f000 	/System/Library/PrivateFrameworks/FaceCore.framework/Versions/A/FaceCore
0x00007fff43190000 	/System/Library/Frameworks/OpenCL.framework/Versions/A/OpenCL
0x00007fff706a0000 	/usr/lib/libFosl_dynamic.dylib
0x00007fff61b24000 	/System/Library/PrivateFrameworks/OTSVG.framework/Versions/A/OTSVG
0x00007fff37e2f000 	/System/Library/Frameworks/ApplicationServices.framework/Versions/A/Frameworks/ATS.framework/Versions/A/Resources/libFontRegistry.dylib
0x00007fff563ba000 	/System/Library/PrivateFrameworks/FontServices.framework/libhvf.dylib
0x00007fff43b85000 	/System/Library/Frameworks/OpenGL.framework/Versions/A/Libraries/libGFXShared.dylib
0x00007fff43d63000 	/System/Library/Frameworks/OpenGL.framework/Versions/A/Libraries/libGLU.dylib
0x00007fff43b8e000 	/System/Library/Frameworks/OpenGL.framework/Versions/A/Libraries/libGL.dylib
0x00007fff43b99000 	/System/Library/Frameworks/OpenGL.framework/Versions/A/Libraries/libGLImage.dylib
0x00007fff43b77000 	/System/Library/Frameworks/OpenGL.framework/Versions/A/Libraries/libCVMSPluginSupport.dylib
0x00007fff43b80000 	/System/Library/Frameworks/OpenGL.framework/Versions/A/Libraries/libCoreVMClient.dylib
0x00007fff72312000 	/usr/lib/libncurses.5.4.dylib
0x00007fff37d2b000 	/System/Library/Frameworks/ApplicationServices.framework/Versions/A/Frameworks/ATS.framework/Versions/A/ATS
0x00007fff37ef8000 	/System/Library/Frameworks/ApplicationServices.framework/Versions/A/Frameworks/ColorSyncLegacy.framework/Versions/A/ColorSyncLegacy
0x00007fff37f96000 	/System/Library/Frameworks/ApplicationServices.framework/Versions/A/Frameworks/HIServices.framework/Versions/A/HIServices
0x00007fff37fee000 	/System/Library/Frameworks/ApplicationServices.framework/Versions/A/Frameworks/LangAnalysis.framework/Versions/A/LangAnalysis
0x00007fff37ffd000 	/System/Library/Frameworks/ApplicationServices.framework/Versions/A/Frameworks/PrintCore.framework/Versions/A/PrintCore
0x00007fff38043000 	/System/Library/Frameworks/ApplicationServices.framework/Versions/A/Frameworks/QD.framework/Versions/A/QD
0x00007fff3804e000 	/System/Library/Frameworks/ApplicationServices.framework/Versions/A/Frameworks/SpeechSynthesis.framework/Versions/A/SpeechSynthesis
0x00007fff37ec8000 	/System/Library/Frameworks/ApplicationServices.framework/Versions/A/Frameworks/ATSUI.framework/Versions/A/ATSUI
0x00007fff71756000 	/usr/lib/libcups.2.dylib
0x00007fff3e60e000 	/System/Library/Frameworks/Kerberos.framework/Versions/A/Kerberos
0x00007fff3c74f000 	/System/Library/Frameworks/GSS.framework/Versions/A/GSS
0x00007fff72a95000 	/usr/lib/libresolv.9.dylib
0x00007fff5c590000 	/System/Library/PrivateFrameworks/Heimdal.framework/Versions/A/Heimdal
0x00007fff3e621000 	/System/Library/Frameworks/Kerberos.framework/Versions/A/Libraries/libHeimdalProxy.dylib
0x00007fff718fd000 	/usr/lib/libheimdal-asn1.dylib
0x00007fff508af000 	/System/Library/PrivateFrameworks/CommonAuth.framework/Versions/A/CommonAuth
0x00007fff4db05000 	/System/Library/PrivateFrameworks/AssertionServices.framework/Versions/A/AssertionServices
0x00007fff4e6a7000 	/System/Library/PrivateFrameworks/AudioToolboxCore.framework/Versions/A/AudioToolboxCore
0x00007fff6d71b000 	/System/Library/PrivateFrameworks/caulk.framework/Versions/A/caulk
0x00007fff4ec70000 	/System/Library/PrivateFrameworks/BaseBoard.framework/Versions/A/BaseBoard
0x00007fff65d7b000 	/System/Library/PrivateFrameworks/RunningBoardServices.framework/Versions/A/RunningBoardServices
0x00007fff62d8f000 	/System/Library/PrivateFrameworks/PersistentConnection.framework/Versions/A/PersistentConnection
0x00007fff65775000 	/System/Library/PrivateFrameworks/ProtocolBuffer.framework/Versions/A/ProtocolBuffer
0x00007fff508d3000 	/System/Library/PrivateFrameworks/CommonUtilities.framework/Versions/A/CommonUtilities
0x00007fff4edfe000 	/System/Library/PrivateFrameworks/Bom.framework/Versions/A/Bom
0x00007fff70551000 	/usr/lib/libAudioToolboxUtility.dylib
0x00007fff4ebce000 	/System/Library/PrivateFrameworks/Backup.framework/Versions/A/Backup
0x00007fff5399d000 	/System/Library/PrivateFrameworks/CrashReporterSupport.framework/Versions/A/CrashReporterSupport
0x00007fff6780c000 	/System/Library/PrivateFrameworks/Sharing.framework/Versions/A/Sharing
0x00007fff4d113000 	/System/Library/PrivateFrameworks/Apple80211.framework/Versions/A/Apple80211
0x00007fff4e8eb000 	/System/Library/PrivateFrameworks/AuthKit.framework/Versions/A/AuthKit
0x00007fff536ad000 	/System/Library/PrivateFrameworks/CoreUtils.framework/Versions/A/CoreUtils
0x00007fff3bcba000 	/System/Library/Frameworks/CoreWLAN.framework/Versions/A/CoreWLAN
0x00007fff3c8dc000 	/System/Library/Frameworks/IOBluetooth.framework/Versions/A/IOBluetooth
0x00007fff60953000 	/System/Library/PrivateFrameworks/MobileKeyBag.framework/Versions/A/MobileKeyBag
0x00007fff524b2000 	/System/Library/PrivateFrameworks/CorePhoneNumbers.framework/Versions/A/CorePhoneNumbers
0x00007fff4d503000 	/System/Library/PrivateFrameworks/AppleIDAuthSupport.framework/Versions/A/AppleIDAuthSupport
0x00007fff40608000 	/System/Library/Frameworks/Network.framework/Versions/A/Network
0x00007fff5f023000 	/System/Library/PrivateFrameworks/KeychainCircle.framework/Versions/A/KeychainCircle
0x00007fff3970e000 	/System/Library/Frameworks/CoreBluetooth.framework/Versions/A/CoreBluetooth
0x00007fff69889000 	/System/Library/PrivateFrameworks/SpeechRecognitionCore.framework/Versions/A/SpeechRecognitionCore
0x00007fff2cd2e000 	/System/Library/CoreServices/Encodings/libSimplifiedChineseConverter.dylib
0x0000000106d85000 	/Users/dongguabai/develope/java8/JavaVirtualMachines/jdk1.8.0_201.jdk/Contents/Home/jre/lib/server/libjvm.dylib
0x00007fff72e17000 	/usr/lib/libstdc++.6.dylib
0x0000000105422000 	/Users/dongguabai/develope/java8/JavaVirtualMachines/jdk1.8.0_201.jdk/Contents/Home/jre/lib/libverify.dylib
0x0000000105430000 	/Users/dongguabai/develope/java8/JavaVirtualMachines/jdk1.8.0_201.jdk/Contents/Home/jre/lib/libjava.dylib
0x0000000105467000 	/Users/dongguabai/develope/java8/JavaVirtualMachines/jdk1.8.0_201.jdk/Contents/Home/jre/lib/libjdwp.dylib
0x00000001054b2000 	/Users/dongguabai/develope/java8/JavaVirtualMachines/jdk1.8.0_201.jdk/Contents/Home/jre/lib/libnpt.dylib
0x00000001054b6000 	/Users/dongguabai/develope/java8/JavaVirtualMachines/jdk1.8.0_201.jdk/Contents/Home/jre/lib/libinstrument.dylib
0x0000000105522000 	/Users/dongguabai/develope/java8/JavaVirtualMachines/jdk1.8.0_201.jdk/Contents/Home/jre/lib/libzip.dylib
0x0000000105563000 	/Users/dongguabai/develope/java8/JavaVirtualMachines/jdk1.8.0_201.jdk/Contents/Home/jre/lib/libdt_socket.dylib

VM Arguments:
jvm_args: -agentlib:jdwp=transport=dt_socket,address=127.0.0.1:62043,suspend=y,server=n -javaagent:/Users/dongguabai/Library/Caches/IntelliJIdea2018.3/captureAgent/debugger-agent.jar -Dfile.encoding=UTF-8 
java_command: dongguabai.unsafe.Main
java_class_path (initial): /Users/dongguabai/develope/java8/JavaVirtualMachines/jdk1.8.0_201.jdk/Contents/Home/jre/lib/charsets.jar:/Users/dongguabai/develope/java8/JavaVirtualMachines/jdk1.8.0_201.jdk/Contents/Home/jre/lib/deploy.jar:/Users/dongguabai/develope/java8/JavaVirtualMachines/jdk1.8.0_201.jdk/Contents/Home/jre/lib/ext/cldrdata.jar:/Users/dongguabai/develope/java8/JavaVirtualMachines/jdk1.8.0_201.jdk/Contents/Home/jre/lib/ext/dnsns.jar:/Users/dongguabai/develope/java8/JavaVirtualMachines/jdk1.8.0_201.jdk/Contents/Home/jre/lib/ext/jaccess.jar:/Users/dongguabai/develope/java8/JavaVirtualMachines/jdk1.8.0_201.jdk/Contents/Home/jre/lib/ext/jfxrt.jar:/Users/dongguabai/develope/java8/JavaVirtualMachines/jdk1.8.0_201.jdk/Contents/Home/jre/lib/ext/localedata.jar:/Users/dongguabai/develope/java8/JavaVirtualMachines/jdk1.8.0_201.jdk/Contents/Home/jre/lib/ext/nashorn.jar:/Users/dongguabai/develope/java8/JavaVirtualMachines/jdk1.8.0_201.jdk/Contents/Home/jre/lib/ext/sunec.jar:/Users/dongguabai/develope/java8/JavaVirtualMachines/jdk1.8.0_201.jdk/Contents/Home/jre/lib/ext/sunjce_provider.jar:/Users/dongguabai/develope/java8/JavaVirtualMachines/jdk1.8.0_201.jdk/Contents/Home/jre/lib/ext/sunpkcs11.jar:/Users/dongguabai/develope/java8/JavaVirtualMachines/jdk1.8.0_201.jdk/Contents/Home/jre/lib/ext/zipfs.jar:/Users/dongguabai/develope/java8/JavaVirtualMachines/jdk1.8.0_201.jdk/Contents/Home/jre/lib/javaws.jar:/Users/dongguabai/develope/java8/JavaVirtualMachines/jdk1.8.0_201.jdk/Contents/Home/jre/lib/jce.jar:/Users/dongguabai/develope/java8/JavaVirtualMachines/jdk1.8.0_201.jdk/Contents/Home/jre/lib/jfr.jar:/Users/dongguabai/develope/java8/JavaVirtualMachines/jdk1.8.0_201.jdk/Contents/Home/jre/lib/jfxswt.jar:/Users/dongguabai/develope/java8/JavaVirtualMachines/jdk1.8.0_201.jdk/Contents/Home/jre/lib/jsse.jar:/Users/dongguabai/develope/java8/JavaVirtualMachines/jdk1.8.0_201.jdk/Contents/Home/jre/lib/management-agent.jar:/Users/dongguabai/develope/java8/JavaVirtualMachines/jdk1
Launcher Type: SUN_STANDARD

Environment Variables:
JAVA_HOME=/Users/dongguabai/develope/openJdk/jdk8u202-b08/Contents/Home
CLASSPATH=/lib/tools.jar:/lib/dt.jar:.
PATH=/Users/dongguabai/develope/maven/apache-maven-3.3.9/bin:/bin:/usr/local/bin:/usr/bin:/bin:/usr/sbin:/sbin:/Applications/VMware Fusion.app/Contents/Public:/usr/local/share/dotnet:~/.dotnet/tools:/Library/Apple/usr/bin:/Library/Frameworks/Mono.framework/Versions/Current/Commands:/Applications/Wireshark.app/Contents/MacOS:.:/Users/dongguabai/develope/gradle/gradle-5.6.4/bin
SHELL=/bin/zsh

Signal Handlers:
SIGSEGV: [libjvm.dylib+0x5b723d], sa_mask[0]=11111111011111110111111111111111, sa_flags=SA_ONSTACK|SA_RESTART|SA_SIGINFO
SIGBUS: [libjvm.dylib+0x5b723d], sa_mask[0]=11111111011111110111111111111111, sa_flags=SA_RESTART|SA_SIGINFO
SIGFPE: [libjvm.dylib+0x48c9bc], sa_mask[0]=11111111011111110111111111111111, sa_flags=SA_RESTART|SA_SIGINFO
SIGPIPE: [libjvm.dylib+0x48c9bc], sa_mask[0]=11111111011111110111111111111111, sa_flags=SA_RESTART|SA_SIGINFO
SIGXFSZ: [libjvm.dylib+0x48c9bc], sa_mask[0]=11111111011111110111111111111111, sa_flags=SA_RESTART|SA_SIGINFO
SIGILL: [libjvm.dylib+0x48c9bc], sa_mask[0]=11111111011111110111111111111111, sa_flags=SA_RESTART|SA_SIGINFO
SIGUSR1: SIG_DFL, sa_mask[0]=00000000000000000000000000000000, sa_flags=none
SIGUSR2: [libjvm.dylib+0x48c4da], sa_mask[0]=00100000000000000000000000000000, sa_flags=SA_RESTART|SA_SIGINFO
SIGHUP: [libjvm.dylib+0x48aa65], sa_mask[0]=11111111011111110111111111111111, sa_flags=SA_RESTART|SA_SIGINFO
SIGINT: [libjvm.dylib+0x48aa65], sa_mask[0]=11111111011111110111111111111111, sa_flags=SA_RESTART|SA_SIGINFO
SIGTERM: [libjvm.dylib+0x48aa65], sa_mask[0]=11111111011111110111111111111111, sa_flags=SA_RESTART|SA_SIGINFO
SIGQUIT: [libjvm.dylib+0x48aa65], sa_mask[0]=11111111011111110111111111111111, sa_flags=SA_RESTART|SA_SIGINFO


---------------  S Y S T E M  ---------------

OS:Bsduname:Darwin 19.5.0 Darwin Kernel Version 19.5.0: Thu Apr 30 18:25:59 PDT 2020; root:xnu-6153.121.1~7/RELEASE_X86_64 x86_64
rlimit: STACK 8192k, CORE 0k, NPROC 1392, NOFILE 10240, AS infinity
load average:2.36 2.64 2.72

CPU:total 8 (initial active 8) (4 cores per cpu, 2 threads per core) family 6 model 142 stepping 10, cmov, cx8, fxsr, mmx, sse, sse2, sse3, ssse3, sse4.1, sse4.2, popcnt, avx, avx2, aes, clmul, erms, 3dnowpref, lzcnt, ht, tsc, tscinvbit, bmi1, bmi2, adx

Memory: 4k page, physical 8388608k(69836k free)

/proc/meminfo:


vm_info: Java HotSpot(TM) 64-Bit Server VM (25.201-b09) for bsd-amd64 JRE (1.8.0_201-b09), built on Dec 15 2018 18:35:23 by "java_re" with gcc 4.2.1 (Based on Apple Inc. build 5658) (LLVM build 2336.11.00)

time: Sun Feb 21 19:39:24 2021
timezone: CST
elapsed time: 4 seconds (0d 0h 0m 4s)

